<?xml version="1.0" encoding="UTF-8"?>
<!-- Generated by org.testng.reporters.JUnitXMLReporter -->
<testsuite ignored="3" hostname="IN-PW0EZ12Z" failures="0" tests="24" name="Default test" time="56.464" errors="0" timestamp="2025-12-25T23:08:21 IST">
  <testcase classname="com.restassured.automation.tests.PetTests" name="testCreatePet" time="5.363"/>
  <testcase classname="com.restassured.automation.tests.PetTests" name="testCreatePet" time="1.556"/>
  <testcase classname="com.restassured.automation.tests.PetTests" name="testGetPet" time="1.67"/>
  <testcase classname="com.restassured.automation.tests.PetTests" name="testGetPet" time="1.644"/>
  <testcase classname="com.restassured.automation.tests.PetTests" name="testUpdatePet" time="1.591"/>
  <testcase classname="com.restassured.automation.tests.PetTests" name="testUpdatePet" time="1.605"/>
  <testcase classname="com.restassured.automation.tests.PetTests" name="testDeletePet" time="1.697"/>
  <testcase classname="com.restassured.automation.tests.PetTests" name="testDeletePet" time="1.631"/>
  <testcase classname="com.restassured.automation.tests.StoreTests" name="testCreateOrder" time="3.28"/>
  <testcase classname="com.restassured.automation.tests.StoreTests" name="testCreateOrder" time="3.288"/>
  <testcase classname="com.restassured.automation.tests.StoreTests" name="testGetOrder" time="2.611"/>
  <testcase classname="com.restassured.automation.tests.StoreTests" name="testGetOrder" time="1.692"/>
  <testcase classname="com.restassured.automation.tests.StoreTests" name="testDeleteOrder" time="1.614"/>
  <testcase classname="com.restassured.automation.tests.StoreTests" name="testDeleteOrder" time="1.663"/>
  <testcase classname="com.restassured.automation.tests.UserTests" name="testCreateUser" time="1.583"/>
  <testcase classname="com.restassured.automation.tests.UserTests" name="testCreateUser" time="1.607"/>
  <testcase classname="com.restassured.automation.tests.UserTests" name="testUserLogin" time="4.819"/>
  <testcase classname="com.restassured.automation.tests.UserTests" name="testUserLogin" time="4.899"/>
  <testcase classname="com.restassured.automation.tests.UserTests" name="testGetUser" time="1.566"/>
  <testcase classname="com.restassured.automation.tests.UserTests" name="testGetUser" time="1.647"/>
  <testcase classname="com.restassured.automation.tests.UserTests" name="testUpdateUser" time="1.603"/>
  <testcase classname="com.restassured.automation.tests.UserTests" name="testUpdateUser" time="1.604"/>
  <testcase classname="com.restassured.automation.tests.UserTests" name="testDeleteUser" time="1.629"/>
  <testcase classname="com.restassured.automation.tests.UserTests" name="testDeleteUser" time="1.683"/>
  <testcase classname="com.restassured.automation.base.BaseTest" name="@BeforeSuite setup" time="0.0">
    <ignored/>
  </testcase> <!-- @BeforeSuite setup -->
  <testcase classname="com.restassured.automation.base.BaseTest" name="@BeforeSuite setup" time="0.0">
    <ignored/>
  </testcase> <!-- @BeforeSuite setup -->
  <testcase classname="com.restassured.automation.base.BaseTest" name="@BeforeSuite setup" time="0.0">
    <ignored/>
  </testcase> <!-- @BeforeSuite setup -->
</testsuite> <!-- Default test -->
