<!DOCTYPE html PUBLIC "-//W3C//DTD XHTML 1.1//EN" "https://www.w3.org/TR/xhtml11/DTD/xhtml11.dtd">
<html xmlns="https://www.w3.org/1999/xhtml">
<head>
<meta http-equiv="content-type" content="text/html; charset=UTF-8"/>
<title>TestNG Report</title>
<style type="text/css">table {margin-bottom:10px;border-collapse:collapse;empty-cells:show}th,td {border:1px solid #009;padding:.25em .5em}th {vertical-align:bottom}td {vertical-align:top}table a {font-weight:bold}.stripe td {background-color: #E6EBF9}.num {text-align:right}.passedodd td {background-color: #3F3}.passedeven td {background-color: #0A0}.skippedodd td {background-color: #DDD}.skippedeven td {background-color: #CCC}.failedodd td,.attn {background-color: #F33}.failedeven td,.stripe .attn {background-color: #D00}.stacktrace {white-space:pre;font-family:monospace}.totop {font-size:85%;text-align:center;border-bottom:2px solid #000}.invisible {display:none}</style>
</head>
<body>
<table>
<tr><th>Test</th><th># Passed</th><th># Skipped</th><th># Retried</th><th># Failed</th><th>Time (ms)</th><th>Included Groups</th><th>Excluded Groups</th></tr>
<tr><th colspan="8">Rest Assured Automation Suite</th></tr>
<tr><td><a href="#t0">1. Pet Tests</a></td><td class="num">8</td><td class="num">0</td><td class="num">0</td><td class="num">0</td><td class="num">19,718</td><td></td><td></td></tr>
<tr class="stripe"><td><a href="#t1">2. Store Tests</a></td><td class="num">3</td><td class="num attn">1</td><td class="num">0</td><td class="num attn">1</td><td class="num">8,764</td><td></td><td></td></tr>
<tr><td><a href="#t2">3. User Tests</a></td><td class="num">5</td><td class="num attn">2</td><td class="num">0</td><td class="num attn">1</td><td class="num">16,434</td><td></td><td></td></tr>
<tr><th>Total</th><th class="num">16</th><th class="num attn">3</th><th class="num">0</th><th class="num attn">2</th><th class="num">44,916</th><th colspan="2"></th></tr>
</table>
<table id='summary'><thead><tr><th>Class</th><th>Method</th><th>Start</th><th>Time (ms)</th></tr></thead><tbody><tr><th colspan="4">Rest Assured Automation Suite</th></tr></tbody><tbody id="t0"><tr><th colspan="4">1. Pet Tests &#8212; passed</th></tr><tr class="passedeven"><td rowspan="8">com.restassured.automation.tests.PetTests</td><td><a href="#m0">testCreatePet</a></td><td rowspan="2">1756822698207</td><td rowspan="2">2520</td></tr><tr class="passedeven"><td><a href="#m1">testCreatePet</a></td></tr><tr class="passedeven"><td><a href="#m2">testDeletePet</a></td><td rowspan="2">1756822715183</td><td rowspan="2">2147</td></tr><tr class="passedeven"><td><a href="#m3">testDeletePet</a></td></tr><tr class="passedeven"><td><a href="#m4">testGetPet</a></td><td rowspan="2">1756822703395</td><td rowspan="2">1884</td></tr><tr class="passedeven"><td><a href="#m5">testGetPet</a></td></tr><tr class="passedeven"><td><a href="#m6">testUpdatePet</a></td><td rowspan="2">1756822705354</td><td rowspan="2">1233</td></tr><tr class="passedeven"><td><a href="#m7">testUpdatePet</a></td></tr></tbody>
<tbody id="t1"><tr><th colspan="4">2. Store Tests &#8212; failed</th></tr><tr class="failedeven"><td rowspan="1">com.restassured.automation.tests.StoreTests</td><td><a href="#m8">testGetOrder</a></td><td rowspan="1">1756822722956</td><td rowspan="1">2516</td></tr><tr><th colspan="4">2. Store Tests &#8212; skipped</th></tr><tr class="skippedeven"><td rowspan="1">com.restassured.automation.tests.StoreTests</td><td><a href="#m9">testDeleteOrder</a></td><td rowspan="1">1756822726864</td><td rowspan="1">0</td></tr><tr><th colspan="4">2. Store Tests &#8212; passed</th></tr><tr class="passedeven"><td rowspan="3">com.restassured.automation.tests.StoreTests</td><td><a href="#m10">testCreateOrder</a></td><td rowspan="2">1756822720568</td><td rowspan="2">2364</td></tr><tr class="passedeven"><td><a href="#m11">testCreateOrder</a></td></tr><tr class="passedeven"><td><a href="#m12">testGetOrder</a></td><td rowspan="1">1756822725486</td><td rowspan="1">1377</td></tr></tbody>
<tbody id="t2"><tr><th colspan="4">3. User Tests &#8212; failed</th></tr><tr class="failedeven"><td rowspan="1">com.restassured.automation.tests.UserTests</td><td><a href="#m13">testGetUser</a></td><td rowspan="1">1756822740102</td><td rowspan="1">2151</td></tr><tr><th colspan="4">3. User Tests &#8212; skipped</th></tr><tr class="skippedeven"><td rowspan="2">com.restassured.automation.tests.UserTests</td><td><a href="#m14">testDeleteUser</a></td><td rowspan="1">1756822743417</td><td rowspan="1">0</td></tr><tr class="skippedeven"><td><a href="#m15">testUpdateUser</a></td><td rowspan="1">1756822743416</td><td rowspan="1">0</td></tr><tr><th colspan="4">3. User Tests &#8212; passed</th></tr><tr class="passedeven"><td rowspan="5">com.restassured.automation.tests.UserTests</td><td><a href="#m16">testCreateUser</a></td><td rowspan="2">1756822727034</td><td rowspan="2">1223</td></tr><tr class="passedeven"><td><a href="#m17">testCreateUser</a></td></tr><tr class="passedeven"><td><a href="#m18">testGetUser</a></td><td rowspan="1">1756822742256</td><td rowspan="1">1158</td></tr><tr class="passedeven"><td><a href="#m19">testUserLogin</a></td><td rowspan="2">1756822729514</td><td rowspan="2">5983</td></tr><tr class="passedeven"><td><a href="#m20">testUserLogin</a></td></tr></tbody>
</table>
<h2>1. Pet Tests</h2><h3 id="m0">com.restassured.automation.tests.PetTests#testCreatePet</h3><table class="result"><tr class="param"><th>Parameter #1</th><th>Parameter #2</th><th>Parameter #3</th><th>Parameter #4</th><th>Parameter #5</th><th>Parameter #6</th></tr><tr class="param stripe"><td>8</td><td>Dogs</td><td>Tyson</td><td>photo1.jpg</td><td>friendly</td><td>available</td></tr></table><p class="totop"><a href="#summary">back to summary</a></p>
<h3 id="m1">com.restassured.automation.tests.PetTests#testCreatePet</h3><table class="result"><tr class="param"><th>Parameter #1</th><th>Parameter #2</th><th>Parameter #3</th><th>Parameter #4</th><th>Parameter #5</th><th>Parameter #6</th></tr><tr class="param stripe"><td>9</td><td>Cats</td><td>Chyrl</td><td>photo2.jpg</td><td>playful</td><td>available</td></tr></table><p class="totop"><a href="#summary">back to summary</a></p>
<h3 id="m2">com.restassured.automation.tests.PetTests#testDeletePet</h3><table class="result"><tr class="param"><th>Parameter #1</th><th>Parameter #2</th><th>Parameter #3</th><th>Parameter #4</th><th>Parameter #5</th><th>Parameter #6</th></tr><tr class="param stripe"><td>9</td><td>Cats</td><td>Chyrl</td><td>photo2.jpg</td><td>playful</td><td>available</td></tr></table><p class="totop"><a href="#summary">back to summary</a></p>
<h3 id="m3">com.restassured.automation.tests.PetTests#testDeletePet</h3><table class="result"><tr class="param"><th>Parameter #1</th><th>Parameter #2</th><th>Parameter #3</th><th>Parameter #4</th><th>Parameter #5</th><th>Parameter #6</th></tr><tr class="param stripe"><td>8</td><td>Dogs</td><td>Tyson</td><td>photo1.jpg</td><td>friendly</td><td>available</td></tr></table><p class="totop"><a href="#summary">back to summary</a></p>
<h3 id="m4">com.restassured.automation.tests.PetTests#testGetPet</h3><table class="result"><tr class="param"><th>Parameter #1</th><th>Parameter #2</th><th>Parameter #3</th><th>Parameter #4</th><th>Parameter #5</th><th>Parameter #6</th></tr><tr class="param stripe"><td>9</td><td>Cats</td><td>Chyrl</td><td>photo2.jpg</td><td>playful</td><td>available</td></tr></table><p class="totop"><a href="#summary">back to summary</a></p>
<h3 id="m5">com.restassured.automation.tests.PetTests#testGetPet</h3><table class="result"><tr class="param"><th>Parameter #1</th><th>Parameter #2</th><th>Parameter #3</th><th>Parameter #4</th><th>Parameter #5</th><th>Parameter #6</th></tr><tr class="param stripe"><td>8</td><td>Dogs</td><td>Tyson</td><td>photo1.jpg</td><td>friendly</td><td>available</td></tr></table><p class="totop"><a href="#summary">back to summary</a></p>
<h3 id="m6">com.restassured.automation.tests.PetTests#testUpdatePet</h3><table class="result"><tr class="param"><th>Parameter #1</th><th>Parameter #2</th><th>Parameter #3</th><th>Parameter #4</th><th>Parameter #5</th><th>Parameter #6</th></tr><tr class="param stripe"><td>8</td><td>Dogs</td><td>Tyson</td><td>photo1.jpg</td><td>friendly</td><td>available</td></tr></table><p class="totop"><a href="#summary">back to summary</a></p>
<h3 id="m7">com.restassured.automation.tests.PetTests#testUpdatePet</h3><table class="result"><tr class="param"><th>Parameter #1</th><th>Parameter #2</th><th>Parameter #3</th><th>Parameter #4</th><th>Parameter #5</th><th>Parameter #6</th></tr><tr class="param stripe"><td>9</td><td>Cats</td><td>Chyrl</td><td>photo2.jpg</td><td>playful</td><td>available</td></tr></table><p class="totop"><a href="#summary">back to summary</a></p>
<h2>2. Store Tests</h2><h3 id="m8">com.restassured.automation.tests.StoreTests#testGetOrder</h3><table class="result"><tr class="param"><th>Parameter #1</th><th>Parameter #2</th><th>Parameter #3</th><th>Parameter #4</th><th>Parameter #5</th></tr><tr class="param stripe"><td>3</td><td>8</td><td>1</td><td>placed</td><td>false</td></tr><tr><th colspan="5">Exception</th></tr><tr><td colspan="5"><div class="stacktrace">java.lang.AssertionError: expected [8] but found [0]
	at com.restassured.automation.tests.StoreTests.testGetOrder(StoreTests.java:68)
	at java.base/java.util.ArrayList.forEach(ArrayList.java:1541)
... Removed 37 stack frames</div></td></tr></table><p class="totop"><a href="#summary">back to summary</a></p>
<h3 id="m9">com.restassured.automation.tests.StoreTests#testDeleteOrder</h3><table class="result"><tr><th>Exception</th></tr><tr><td><div class="stacktrace">java.lang.Throwable: Method StoreTests.testDeleteOrder(java.lang.String,java.lang.String,java.lang.String,java.lang.String,java.lang.String)[pri:0, instance:com.restassured.automation.tests.StoreTests@48f278eb] depends on not successfully finished methods
	at java.base/java.util.ArrayList.forEach(ArrayList.java:1541)
... Removed 22 stack frames</div></td></tr></table><p class="totop"><a href="#summary">back to summary</a></p>
<h3 id="m10">com.restassured.automation.tests.StoreTests#testCreateOrder</h3><table class="result"><tr class="param"><th>Parameter #1</th><th>Parameter #2</th><th>Parameter #3</th><th>Parameter #4</th><th>Parameter #5</th></tr><tr class="param stripe"><td>4</td><td>9</td><td>2</td><td>approved</td><td>false</td></tr></table><p class="totop"><a href="#summary">back to summary</a></p>
<h3 id="m11">com.restassured.automation.tests.StoreTests#testCreateOrder</h3><table class="result"><tr class="param"><th>Parameter #1</th><th>Parameter #2</th><th>Parameter #3</th><th>Parameter #4</th><th>Parameter #5</th></tr><tr class="param stripe"><td>3</td><td>8</td><td>1</td><td>placed</td><td>false</td></tr></table><p class="totop"><a href="#summary">back to summary</a></p>
<h3 id="m12">com.restassured.automation.tests.StoreTests#testGetOrder</h3><table class="result"><tr class="param"><th>Parameter #1</th><th>Parameter #2</th><th>Parameter #3</th><th>Parameter #4</th><th>Parameter #5</th></tr><tr class="param stripe"><td>4</td><td>9</td><td>2</td><td>approved</td><td>false</td></tr></table><p class="totop"><a href="#summary">back to summary</a></p>
<h2>3. User Tests</h2><h3 id="m13">com.restassured.automation.tests.UserTests#testGetUser</h3><table class="result"><tr class="param"><th>Parameter #1</th><th>Parameter #2</th><th>Parameter #3</th><th>Parameter #4</th><th>Parameter #5</th><th>Parameter #6</th><th>Parameter #7</th></tr><tr class="param stripe"><td>testuser1</td><td>John</td><td>Doe</td><td>john@example.com</td><td>pass123</td><td>1234567890</td><td>1</td></tr><tr><th colspan="7">Exception</th></tr><tr><td colspan="7"><div class="stacktrace">java.lang.AssertionError: User retrieval failed expected [200] but found [404]
	at com.restassured.automation.tests.UserTests.testGetUser(UserTests.java:39)
	at java.base/java.util.ArrayList.forEach(ArrayList.java:1541)
... Removed 36 stack frames</div></td></tr></table><p class="totop"><a href="#summary">back to summary</a></p>
<h3 id="m14">com.restassured.automation.tests.UserTests#testDeleteUser</h3><table class="result"><tr><th>Exception</th></tr><tr><td><div class="stacktrace">java.lang.Throwable: Method UserTests.testDeleteUser(java.lang.String,java.lang.String,java.lang.String,java.lang.String,java.lang.String,java.lang.String,java.lang.String)[pri:0, instance:com.restassured.automation.tests.UserTests@bae7dc0] depends on not successfully finished methods
	at java.base/java.util.ArrayList.forEach(ArrayList.java:1541)
... Removed 22 stack frames</div></td></tr></table><p class="totop"><a href="#summary">back to summary</a></p>
<h3 id="m15">com.restassured.automation.tests.UserTests#testUpdateUser</h3><table class="result"><tr><th>Exception</th></tr><tr><td><div class="stacktrace">java.lang.Throwable: Method UserTests.testUpdateUser(java.lang.String,java.lang.String,java.lang.String,java.lang.String,java.lang.String,java.lang.String,java.lang.String)[pri:0, instance:com.restassured.automation.tests.UserTests@bae7dc0] depends on not successfully finished methods
	at java.base/java.util.ArrayList.forEach(ArrayList.java:1541)
... Removed 22 stack frames</div></td></tr></table><p class="totop"><a href="#summary">back to summary</a></p>
<h3 id="m16">com.restassured.automation.tests.UserTests#testCreateUser</h3><table class="result"><tr class="param"><th>Parameter #1</th><th>Parameter #2</th><th>Parameter #3</th><th>Parameter #4</th><th>Parameter #5</th><th>Parameter #6</th><th>Parameter #7</th></tr><tr class="param stripe"><td>testuser1</td><td>John</td><td>Doe</td><td>john@example.com</td><td>pass123</td><td>1234567890</td><td>1</td></tr></table><p class="totop"><a href="#summary">back to summary</a></p>
<h3 id="m17">com.restassured.automation.tests.UserTests#testCreateUser</h3><table class="result"><tr class="param"><th>Parameter #1</th><th>Parameter #2</th><th>Parameter #3</th><th>Parameter #4</th><th>Parameter #5</th><th>Parameter #6</th><th>Parameter #7</th></tr><tr class="param stripe"><td>testuser2</td><td>Jane</td><td>Smith</td><td>jane@example.com</td><td>pass456</td><td>987654321</td><td>0</td></tr></table><p class="totop"><a href="#summary">back to summary</a></p>
<h3 id="m18">com.restassured.automation.tests.UserTests#testGetUser</h3><table class="result"><tr class="param"><th>Parameter #1</th><th>Parameter #2</th><th>Parameter #3</th><th>Parameter #4</th><th>Parameter #5</th><th>Parameter #6</th><th>Parameter #7</th></tr><tr class="param stripe"><td>testuser2</td><td>Jane</td><td>Smith</td><td>jane@example.com</td><td>pass456</td><td>987654321</td><td>0</td></tr></table><p class="totop"><a href="#summary">back to summary</a></p>
<h3 id="m19">com.restassured.automation.tests.UserTests#testUserLogin</h3><table class="result"><tr class="param"><th>Parameter #1</th><th>Parameter #2</th><th>Parameter #3</th><th>Parameter #4</th><th>Parameter #5</th><th>Parameter #6</th><th>Parameter #7</th></tr><tr class="param stripe"><td>testuser1</td><td>John</td><td>Doe</td><td>john@example.com</td><td>pass123</td><td>1234567890</td><td>1</td></tr></table><p class="totop"><a href="#summary">back to summary</a></p>
<h3 id="m20">com.restassured.automation.tests.UserTests#testUserLogin</h3><table class="result"><tr class="param"><th>Parameter #1</th><th>Parameter #2</th><th>Parameter #3</th><th>Parameter #4</th><th>Parameter #5</th><th>Parameter #6</th><th>Parameter #7</th></tr><tr class="param stripe"><td>testuser2</td><td>Jane</td><td>Smith</td><td>jane@example.com</td><td>pass456</td><td>987654321</td><td>0</td></tr></table><p class="totop"><a href="#summary">back to summary</a></p>
</body>
</html>
