<?xml version="1.0" encoding="UTF-8"?>
<testsuite xmlns:xsi="http://www.w3.org/2001/XMLSchema-instance" xsi:noNamespaceSchemaLocation="https://maven.apache.org/surefire/maven-surefire-plugin/xsd/surefire-test-report-3.0.xsd" version="3.0" name="TestSuite" time="47.329" tests="21" errors="0" skipped="3" failures="2">
  <properties>
[...]
</properties>
  <testcase name="testCreatePet[8, Dogs, Tyson, photo1.jpg, friendly, available](1)" classname="com.restassured.automation.tests.PetTests" time="2.522">
    <system-out><![CDATA[[TestNGContentHandler] [WARN] It is strongly recommended to add "<!DOCTYPE suite SYSTEM "https://testng.org/testng-1.0.dtd" >" at the top of the suite file [C:\Users\chinmayprabhat\eclipse-workspace\RestAssured-Assignment\src\test\resources\testng.xml] otherwise TestNG may fail or not work as expected.
...
... TestNG 7.4.0 by Cédric Beust (cedric@beust.com)
...

2025-09-02 19:48:17.157 [main] INFO  com.restassured.automation.utils.LoggerUtil - Setting up test environment...
2025-09-02 19:48:17.613 [main] INFO  com.restassured.automation.utils.LoggerUtil - Base URL set to: https://petstore.swagger.io/v2
2025-09-02 19:48:18.213 [main] INFO  com.restassured.automation.utils.LoggerUtil - Creating pet: Tyson
2025-09-02 19:48:18.338 [main] INFO  com.restassured.automation.utils.LoggerUtil - === API REQUEST DETAILS ===
2025-09-02 19:48:18.339 [main] INFO  com.restassured.automation.utils.LoggerUtil - Method: POST
2025-09-02 19:48:18.339 [main] INFO  com.restassured.automation.utils.LoggerUtil - URL: https://petstore.swagger.io/v2/pet
2025-09-02 19:48:18.346 [main] INFO  com.restassured.automation.utils.LoggerUtil - Headers: Content-Type=application/json
2025-09-02 19:48:18.346 [main] INFO  com.restassured.automation.utils.LoggerUtil - Request Body: {"id":8,"category":{"id":1,"name":"Dogs"},"name":"Tyson","photoUrls":["photo1.jpg"],"tags":[{"id":1,"name":"friendly"}],"status":"available"}
2025-09-02 19:48:18.346 [main] INFO  com.restassured.automation.utils.LoggerUtil - ===========================
2025-09-02 19:48:20.715 [main] INFO  com.restassured.automation.utils.LoggerUtil - === API RESPONSE DETAILS ===
2025-09-02 19:48:20.715 [main] INFO  com.restassured.automation.utils.LoggerUtil - Status Code: 200
2025-09-02 19:48:20.715 [main] INFO  com.restassured.automation.utils.LoggerUtil - Response Body: {"id":8,"category":{"id":1,"name":"Dogs"},"name":"Tyson","photoUrls":["photo1.jpg"],"tags":[{"id":1,"name":"friendly"}],"status":"available"}
2025-09-02 19:48:20.716 [main] INFO  com.restassured.automation.utils.LoggerUtil - ============================
2025-09-02 19:48:20.721 [main] INFO  com.restassured.automation.utils.LoggerUtil - Pet created successfully: Tyson
]]></system-out>
  </testcase>
  <testcase name="testCreatePet[9, Cats, Chyrl, photo2.jpg, playful, available](2)" classname="com.restassured.automation.tests.PetTests" time="1.269">
    <system-out><![CDATA[2025-09-02 19:48:20.734 [main] INFO  com.restassured.automation.utils.LoggerUtil - Creating pet: Chyrl
2025-09-02 19:48:20.735 [main] INFO  com.restassured.automation.utils.LoggerUtil - === API REQUEST DETAILS ===
2025-09-02 19:48:20.736 [main] INFO  com.restassured.automation.utils.LoggerUtil - Method: POST
2025-09-02 19:48:20.736 [main] INFO  com.restassured.automation.utils.LoggerUtil - URL: https://petstore.swagger.io/v2/pet
2025-09-02 19:48:20.736 [main] INFO  com.restassured.automation.utils.LoggerUtil - Headers: Content-Type=application/json
2025-09-02 19:48:20.736 [main] INFO  com.restassured.automation.utils.LoggerUtil - Request Body: {"id":9,"category":{"id":1,"name":"Cats"},"name":"Chyrl","photoUrls":["photo2.jpg"],"tags":[{"id":1,"name":"playful"}],"status":"available"}
2025-09-02 19:48:20.738 [main] INFO  com.restassured.automation.utils.LoggerUtil - ===========================
2025-09-02 19:48:22.003 [main] INFO  com.restassured.automation.utils.LoggerUtil - === API RESPONSE DETAILS ===
2025-09-02 19:48:22.004 [main] INFO  com.restassured.automation.utils.LoggerUtil - Status Code: 200
2025-09-02 19:48:22.004 [main] INFO  com.restassured.automation.utils.LoggerUtil - Response Body: {"id":9,"category":{"id":1,"name":"Cats"},"name":"Chyrl","photoUrls":["photo2.jpg"],"tags":[{"id":1,"name":"playful"}],"status":"available"}
2025-09-02 19:48:22.004 [main] INFO  com.restassured.automation.utils.LoggerUtil - ============================
2025-09-02 19:48:22.004 [main] INFO  com.restassured.automation.utils.LoggerUtil - Pet created successfully: Chyrl
]]></system-out>
  </testcase>
  <testcase name="testGetPet[8, Dogs, Tyson, photo1.jpg, friendly, available](1)" classname="com.restassured.automation.tests.PetTests" time="1.344">
    <system-out><![CDATA[2025-09-02 19:48:22.052 [main] INFO  com.restassured.automation.utils.LoggerUtil - Getting pet: Tyson
2025-09-02 19:48:22.052 [main] INFO  com.restassured.automation.utils.LoggerUtil - === API REQUEST DETAILS ===
2025-09-02 19:48:22.052 [main] INFO  com.restassured.automation.utils.LoggerUtil - Method: GET
2025-09-02 19:48:22.053 [main] INFO  com.restassured.automation.utils.LoggerUtil - URL: https://petstore.swagger.io/v2/pet/8
2025-09-02 19:48:22.053 [main] INFO  com.restassured.automation.utils.LoggerUtil - Headers: Content-Type=application/json
2025-09-02 19:48:22.053 [main] INFO  com.restassured.automation.utils.LoggerUtil - ===========================
2025-09-02 19:48:23.393 [main] INFO  com.restassured.automation.utils.LoggerUtil - === API RESPONSE DETAILS ===
2025-09-02 19:48:23.393 [main] INFO  com.restassured.automation.utils.LoggerUtil - Status Code: 200
2025-09-02 19:48:23.393 [main] INFO  com.restassured.automation.utils.LoggerUtil - Response Body: {"id":8,"category":{"id":1,"name":"Dogs"},"name":"Tyson","photoUrls":["photo1.jpg"],"tags":[{"id":1,"name":"friendly"}],"status":"available"}
2025-09-02 19:48:23.394 [main] INFO  com.restassured.automation.utils.LoggerUtil - ============================
]]></system-out>
  </testcase>
  <testcase name="testGetPet[9, Cats, Chyrl, photo2.jpg, playful, available](2)" classname="com.restassured.automation.tests.PetTests" time="1.885">
    <system-out><![CDATA[2025-09-02 19:48:23.395 [main] INFO  com.restassured.automation.utils.LoggerUtil - Getting pet: Chyrl
2025-09-02 19:48:23.395 [main] INFO  com.restassured.automation.utils.LoggerUtil - === API REQUEST DETAILS ===
2025-09-02 19:48:23.395 [main] INFO  com.restassured.automation.utils.LoggerUtil - Method: GET
2025-09-02 19:48:23.395 [main] INFO  com.restassured.automation.utils.LoggerUtil - URL: https://petstore.swagger.io/v2/pet/9
2025-09-02 19:48:23.395 [main] INFO  com.restassured.automation.utils.LoggerUtil - Headers: Content-Type=application/json
2025-09-02 19:48:23.395 [main] INFO  com.restassured.automation.utils.LoggerUtil - ===========================
2025-09-02 19:48:25.277 [main] INFO  com.restassured.automation.utils.LoggerUtil - === API RESPONSE DETAILS ===
2025-09-02 19:48:25.278 [main] INFO  com.restassured.automation.utils.LoggerUtil - Status Code: 200
2025-09-02 19:48:25.278 [main] INFO  com.restassured.automation.utils.LoggerUtil - Response Body: {"id":9,"category":{"id":1,"name":"Dogs"},"name":"TestPet","photoUrls":["test.jpg"],"tags":[{"id":1,"name":"test"}],"status":"available"}
2025-09-02 19:48:25.279 [main] INFO  com.restassured.automation.utils.LoggerUtil - ============================
]]></system-out>
  </testcase>
  <testcase name="testUpdatePet[8, Dogs, Tyson, photo1.jpg, friendly, available](1)" classname="com.restassured.automation.tests.PetTests" time="1.236">
    <system-out><![CDATA[2025-09-02 19:48:25.354 [main] INFO  com.restassured.automation.utils.LoggerUtil - Updating pet: Tyson
2025-09-02 19:48:25.354 [main] INFO  com.restassured.automation.utils.LoggerUtil - === API REQUEST DETAILS ===
2025-09-02 19:48:25.354 [main] INFO  com.restassured.automation.utils.LoggerUtil - Method: PUT
2025-09-02 19:48:25.354 [main] INFO  com.restassured.automation.utils.LoggerUtil - URL: https://petstore.swagger.io/v2/pet
2025-09-02 19:48:25.354 [main] INFO  com.restassured.automation.utils.LoggerUtil - Headers: Content-Type=application/json
2025-09-02 19:48:25.354 [main] INFO  com.restassured.automation.utils.LoggerUtil - Request Body: {"id":8,"category":{"id":1,"name":"Dogs"},"name":"Tyson_Updated","photoUrls":["photo1.jpg"],"tags":[{"id":1,"name":"friendly_updated"}],"status":"sold"}
2025-09-02 19:48:25.356 [main] INFO  com.restassured.automation.utils.LoggerUtil - ===========================
2025-09-02 19:48:26.584 [main] INFO  com.restassured.automation.utils.LoggerUtil - === API RESPONSE DETAILS ===
2025-09-02 19:48:26.586 [main] INFO  com.restassured.automation.utils.LoggerUtil - Status Code: 200
2025-09-02 19:48:26.586 [main] INFO  com.restassured.automation.utils.LoggerUtil - Response Body: {"id":8,"category":{"id":1,"name":"Dogs"},"name":"Tyson_Updated","photoUrls":["photo1.jpg"],"tags":[{"id":1,"name":"friendly_updated"}],"status":"sold"}
2025-09-02 19:48:26.586 [main] INFO  com.restassured.automation.utils.LoggerUtil - ============================
2025-09-02 19:48:26.586 [main] INFO  com.restassured.automation.utils.LoggerUtil - Pet updated successfully: Tyson
]]></system-out>
  </testcase>
  <testcase name="testUpdatePet[9, Cats, Chyrl, photo2.jpg, playful, available](2)" classname="com.restassured.automation.tests.PetTests" time="1.542">
    <system-out><![CDATA[2025-09-02 19:48:26.589 [main] INFO  com.restassured.automation.utils.LoggerUtil - Updating pet: Chyrl
2025-09-02 19:48:26.589 [main] INFO  com.restassured.automation.utils.LoggerUtil - === API REQUEST DETAILS ===
2025-09-02 19:48:26.589 [main] INFO  com.restassured.automation.utils.LoggerUtil - Method: PUT
2025-09-02 19:48:26.589 [main] INFO  com.restassured.automation.utils.LoggerUtil - URL: https://petstore.swagger.io/v2/pet
2025-09-02 19:48:26.589 [main] INFO  com.restassured.automation.utils.LoggerUtil - Headers: Content-Type=application/json
2025-09-02 19:48:26.590 [main] INFO  com.restassured.automation.utils.LoggerUtil - Request Body: {"id":9,"category":{"id":1,"name":"Cats"},"name":"Chyrl_Updated","photoUrls":["photo2.jpg"],"tags":[{"id":1,"name":"playful_updated"}],"status":"sold"}
2025-09-02 19:48:26.590 [main] INFO  com.restassured.automation.utils.LoggerUtil - ===========================
2025-09-02 19:48:28.126 [main] INFO  com.restassured.automation.utils.LoggerUtil - === API RESPONSE DETAILS ===
2025-09-02 19:48:28.126 [main] INFO  com.restassured.automation.utils.LoggerUtil - Status Code: 200
2025-09-02 19:48:28.126 [main] INFO  com.restassured.automation.utils.LoggerUtil - Response Body: {"id":9,"category":{"id":1,"name":"Cats"},"name":"Chyrl_Updated","photoUrls":["photo2.jpg"],"tags":[{"id":1,"name":"playful_updated"}],"status":"sold"}
2025-09-02 19:48:28.127 [main] INFO  com.restassured.automation.utils.LoggerUtil - ============================
2025-09-02 19:48:28.127 [main] INFO  com.restassured.automation.utils.LoggerUtil - Pet updated successfully: Chyrl
]]></system-out>
  </testcase>
  <testcase name="testDeletePet[8, Dogs, Tyson, photo1.jpg, friendly, available](1)" classname="com.restassured.automation.tests.PetTests" time="7.035">
    <system-out><![CDATA[2025-09-02 19:48:28.150 [main] INFO  com.restassured.automation.utils.LoggerUtil - Deleting pet: Tyson
2025-09-02 19:48:28.150 [main] INFO  com.restassured.automation.utils.LoggerUtil - === API REQUEST DETAILS ===
2025-09-02 19:48:28.150 [main] INFO  com.restassured.automation.utils.LoggerUtil - Method: DELETE
2025-09-02 19:48:28.150 [main] INFO  com.restassured.automation.utils.LoggerUtil - URL: https://petstore.swagger.io/v2/pet/8
2025-09-02 19:48:28.151 [main] INFO  com.restassured.automation.utils.LoggerUtil - Headers: Content-Type=application/json
2025-09-02 19:48:28.151 [main] INFO  com.restassured.automation.utils.LoggerUtil - ===========================
2025-09-02 19:48:35.181 [main] INFO  com.restassured.automation.utils.LoggerUtil - === API RESPONSE DETAILS ===
2025-09-02 19:48:35.182 [main] INFO  com.restassured.automation.utils.LoggerUtil - Status Code: 200
2025-09-02 19:48:35.182 [main] INFO  com.restassured.automation.utils.LoggerUtil - Response Body: {"code":200,"type":"unknown","message":"8"}
2025-09-02 19:48:35.183 [main] INFO  com.restassured.automation.utils.LoggerUtil - ============================
]]></system-out>
  </testcase>
  <testcase name="testDeletePet[9, Cats, Chyrl, photo2.jpg, playful, available](2)" classname="com.restassured.automation.tests.PetTests" time="2.147">
    <system-out><![CDATA[2025-09-02 19:48:35.184 [main] INFO  com.restassured.automation.utils.LoggerUtil - Deleting pet: Chyrl
2025-09-02 19:48:35.184 [main] INFO  com.restassured.automation.utils.LoggerUtil - === API REQUEST DETAILS ===
2025-09-02 19:48:35.184 [main] INFO  com.restassured.automation.utils.LoggerUtil - Method: DELETE
2025-09-02 19:48:35.184 [main] INFO  com.restassured.automation.utils.LoggerUtil - URL: https://petstore.swagger.io/v2/pet/9
2025-09-02 19:48:35.184 [main] INFO  com.restassured.automation.utils.LoggerUtil - Headers: Content-Type=application/json
2025-09-02 19:48:35.186 [main] INFO  com.restassured.automation.utils.LoggerUtil - ===========================
2025-09-02 19:48:37.330 [main] INFO  com.restassured.automation.utils.LoggerUtil - === API RESPONSE DETAILS ===
2025-09-02 19:48:37.330 [main] INFO  com.restassured.automation.utils.LoggerUtil - Status Code: 200
2025-09-02 19:48:37.330 [main] INFO  com.restassured.automation.utils.LoggerUtil - Response Body: {"code":200,"type":"unknown","message":"9"}
2025-09-02 19:48:37.330 [main] INFO  com.restassured.automation.utils.LoggerUtil - ============================
]]></system-out>
  </testcase>
  <testcase name="testCreateOrder[3, 8, 1, placed, false](1)" classname="com.restassured.automation.tests.StoreTests" time="2.423">
    <system-out><![CDATA[2025-09-02 19:48:38.148 [main] INFO  com.restassured.automation.utils.LoggerUtil - Creating order: 3
2025-09-02 19:48:38.148 [main] INFO  com.restassured.automation.utils.LoggerUtil - === API REQUEST DETAILS ===
2025-09-02 19:48:38.149 [main] INFO  com.restassured.automation.utils.LoggerUtil - Method: POST
2025-09-02 19:48:38.149 [main] INFO  com.restassured.automation.utils.LoggerUtil - URL: https://petstore.swagger.io/v2/pet
2025-09-02 19:48:38.149 [main] INFO  com.restassured.automation.utils.LoggerUtil - Headers: Content-Type=application/json
2025-09-02 19:48:38.149 [main] INFO  com.restassured.automation.utils.LoggerUtil - Request Body: {"id":8,"category":{"id":1,"name":"Dogs"},"name":"TestPet","photoUrls":["test.jpg"],"tags":[{"id":1,"name":"test"}],"status":"available"}
2025-09-02 19:48:38.150 [main] INFO  com.restassured.automation.utils.LoggerUtil - ===========================
2025-09-02 19:48:39.359 [main] INFO  com.restassured.automation.utils.LoggerUtil - === API RESPONSE DETAILS ===
2025-09-02 19:48:39.359 [main] INFO  com.restassured.automation.utils.LoggerUtil - Status Code: 200
2025-09-02 19:48:39.359 [main] INFO  com.restassured.automation.utils.LoggerUtil - Response Body: {"id":8,"category":{"id":1,"name":"Dogs"},"name":"TestPet","photoUrls":["test.jpg"],"tags":[{"id":1,"name":"test"}],"status":"available"}
2025-09-02 19:48:39.359 [main] INFO  com.restassured.automation.utils.LoggerUtil - ============================
2025-09-02 19:48:39.366 [main] INFO  com.restassured.automation.utils.LoggerUtil - === API REQUEST DETAILS ===
2025-09-02 19:48:39.367 [main] INFO  com.restassured.automation.utils.LoggerUtil - Method: POST
2025-09-02 19:48:39.367 [main] INFO  com.restassured.automation.utils.LoggerUtil - URL: https://petstore.swagger.io/v2/store/order
2025-09-02 19:48:39.367 [main] INFO  com.restassured.automation.utils.LoggerUtil - Headers: Content-Type=application/json
2025-09-02 19:48:39.367 [main] INFO  com.restassured.automation.utils.LoggerUtil - Request Body: {"id":3,"petId":8,"quantity":1,"status":"placed","complete":false}
2025-09-02 19:48:39.367 [main] INFO  com.restassured.automation.utils.LoggerUtil - ===========================
2025-09-02 19:48:40.567 [main] INFO  com.restassured.automation.utils.LoggerUtil - === API RESPONSE DETAILS ===
2025-09-02 19:48:40.567 [main] INFO  com.restassured.automation.utils.LoggerUtil - Status Code: 200
2025-09-02 19:48:40.567 [main] INFO  com.restassured.automation.utils.LoggerUtil - Response Body: {"id":3,"petId":8,"quantity":1,"status":"placed","complete":false}
2025-09-02 19:48:40.568 [main] INFO  com.restassured.automation.utils.LoggerUtil - ============================
2025-09-02 19:48:40.568 [main] INFO  com.restassured.automation.utils.LoggerUtil - Order created successfully: 3
]]></system-out>
  </testcase>
  <testcase name="testCreateOrder[4, 9, 2, approved, false](2)" classname="com.restassured.automation.tests.StoreTests" time="2.363">
    <system-out><![CDATA[2025-09-02 19:48:40.570 [main] INFO  com.restassured.automation.utils.LoggerUtil - Creating order: 4
2025-09-02 19:48:40.570 [main] INFO  com.restassured.automation.utils.LoggerUtil - === API REQUEST DETAILS ===
2025-09-02 19:48:40.570 [main] INFO  com.restassured.automation.utils.LoggerUtil - Method: POST
2025-09-02 19:48:40.570 [main] INFO  com.restassured.automation.utils.LoggerUtil - URL: https://petstore.swagger.io/v2/pet
2025-09-02 19:48:40.570 [main] INFO  com.restassured.automation.utils.LoggerUtil - Headers: Content-Type=application/json
2025-09-02 19:48:40.571 [main] INFO  com.restassured.automation.utils.LoggerUtil - Request Body: {"id":9,"category":{"id":1,"name":"Dogs"},"name":"TestPet","photoUrls":["test.jpg"],"tags":[{"id":1,"name":"test"}],"status":"available"}
2025-09-02 19:48:40.571 [main] INFO  com.restassured.automation.utils.LoggerUtil - ===========================
2025-09-02 19:48:41.761 [main] INFO  com.restassured.automation.utils.LoggerUtil - === API RESPONSE DETAILS ===
2025-09-02 19:48:41.761 [main] INFO  com.restassured.automation.utils.LoggerUtil - Status Code: 200
2025-09-02 19:48:41.761 [main] INFO  com.restassured.automation.utils.LoggerUtil - Response Body: {"id":9,"category":{"id":1,"name":"Dogs"},"name":"TestPet","photoUrls":["test.jpg"],"tags":[{"id":1,"name":"test"}],"status":"available"}
2025-09-02 19:48:41.762 [main] INFO  com.restassured.automation.utils.LoggerUtil - ============================
2025-09-02 19:48:41.762 [main] INFO  com.restassured.automation.utils.LoggerUtil - === API REQUEST DETAILS ===
2025-09-02 19:48:41.762 [main] INFO  com.restassured.automation.utils.LoggerUtil - Method: POST
2025-09-02 19:48:41.762 [main] INFO  com.restassured.automation.utils.LoggerUtil - URL: https://petstore.swagger.io/v2/store/order
2025-09-02 19:48:41.762 [main] INFO  com.restassured.automation.utils.LoggerUtil - Headers: Content-Type=application/json
2025-09-02 19:48:41.762 [main] INFO  com.restassured.automation.utils.LoggerUtil - Request Body: {"id":4,"petId":9,"quantity":2,"status":"approved","complete":false}
2025-09-02 19:48:41.763 [main] INFO  com.restassured.automation.utils.LoggerUtil - ===========================
2025-09-02 19:48:42.931 [main] INFO  com.restassured.automation.utils.LoggerUtil - === API RESPONSE DETAILS ===
2025-09-02 19:48:42.931 [main] INFO  com.restassured.automation.utils.LoggerUtil - Status Code: 200
2025-09-02 19:48:42.932 [main] INFO  com.restassured.automation.utils.LoggerUtil - Response Body: {"id":4,"petId":9,"quantity":2,"status":"approved","complete":false}
2025-09-02 19:48:42.932 [main] INFO  com.restassured.automation.utils.LoggerUtil - ============================
2025-09-02 19:48:42.932 [main] INFO  com.restassured.automation.utils.LoggerUtil - Order created successfully: 4
]]></system-out>
  </testcase>
  <testcase name="testGetOrder[3, 8, 1, placed, false](1)" classname="com.restassured.automation.tests.StoreTests" time="2.53">
    <failure message="expected [8] but found [0]" type="java.lang.AssertionError"><![CDATA[java.lang.AssertionError: expected [8] but found [0]
	at org.testng.Assert.fail(Assert.java:99)
	at org.testng.Assert.failNotEquals(Assert.java:1037)
	at org.testng.Assert.assertEqualsImpl(Assert.java:140)
	at org.testng.Assert.assertEquals(Assert.java:122)
	at org.testng.Assert.assertEquals(Assert.java:797)
	at org.testng.Assert.assertEquals(Assert.java:807)
	at com.restassured.automation.tests.StoreTests.testGetOrder(StoreTests.java:68)
	at java.base/jdk.internal.reflect.NativeMethodAccessorImpl.invoke0(Native Method)
	at java.base/jdk.internal.reflect.NativeMethodAccessorImpl.invoke(NativeMethodAccessorImpl.java:62)
	at java.base/jdk.internal.reflect.DelegatingMethodAccessorImpl.invoke(DelegatingMethodAccessorImpl.java:43)
	at java.base/java.lang.reflect.Method.invoke(Method.java:566)
	at org.testng.internal.MethodInvocationHelper.invokeMethod(MethodInvocationHelper.java:133)
	at org.testng.internal.TestInvoker.invokeMethod(TestInvoker.java:598)
	at org.testng.internal.TestInvoker.invokeTestMethod(TestInvoker.java:173)
	at org.testng.internal.MethodRunner.runInSequence(MethodRunner.java:46)
	at org.testng.internal.TestInvoker$MethodInvocationAgent.invoke(TestInvoker.java:824)
	at org.testng.internal.TestInvoker.invokeTestMethods(TestInvoker.java:146)
	at org.testng.internal.TestMethodWorker.invokeTestMethods(TestMethodWorker.java:146)
	at org.testng.internal.TestMethodWorker.run(TestMethodWorker.java:128)
	at java.base/java.util.ArrayList.forEach(ArrayList.java:1541)
	at org.testng.TestRunner.privateRun(TestRunner.java:794)
	at org.testng.TestRunner.run(TestRunner.java:596)
	at org.testng.SuiteRunner.runTest(SuiteRunner.java:377)
	at org.testng.SuiteRunner.runSequentially(SuiteRunner.java:371)
	at org.testng.SuiteRunner.privateRun(SuiteRunner.java:332)
	at org.testng.SuiteRunner.run(SuiteRunner.java:276)
	at org.testng.SuiteRunnerWorker.runSuite(SuiteRunnerWorker.java:53)
	at org.testng.SuiteRunnerWorker.run(SuiteRunnerWorker.java:96)
	at org.testng.TestNG.runSuitesSequentially(TestNG.java:1212)
	at org.testng.TestNG.runSuitesLocally(TestNG.java:1134)
	at org.testng.TestNG.runSuites(TestNG.java:1063)
	at org.testng.TestNG.run(TestNG.java:1031)
	at org.apache.maven.surefire.testng.TestNGExecutor.run(TestNGExecutor.java:324)
	at org.apache.maven.surefire.testng.TestNGXmlTestSuite.execute(TestNGXmlTestSuite.java:74)
	at org.apache.maven.surefire.testng.TestNGProvider.invoke(TestNGProvider.java:123)
	at org.apache.maven.surefire.booter.ForkedBooter.runSuitesInProcess(ForkedBooter.java:456)
	at org.apache.maven.surefire.booter.ForkedBooter.execute(ForkedBooter.java:169)
	at org.apache.maven.surefire.booter.ForkedBooter.run(ForkedBooter.java:595)
	at org.apache.maven.surefire.booter.ForkedBooter.main(ForkedBooter.java:581)
]]></failure>
    <system-out><![CDATA[2025-09-02 19:48:42.956 [main] INFO  com.restassured.automation.utils.LoggerUtil - Getting order: 3
2025-09-02 19:48:42.956 [main] INFO  com.restassured.automation.utils.LoggerUtil - === API REQUEST DETAILS ===
2025-09-02 19:48:42.956 [main] INFO  com.restassured.automation.utils.LoggerUtil - Method: GET
2025-09-02 19:48:42.956 [main] INFO  com.restassured.automation.utils.LoggerUtil - URL: https://petstore.swagger.io/v2/store/order/3
2025-09-02 19:48:42.956 [main] INFO  com.restassured.automation.utils.LoggerUtil - Headers: Content-Type=application/json
2025-09-02 19:48:42.956 [main] INFO  com.restassured.automation.utils.LoggerUtil - ===========================
2025-09-02 19:48:44.161 [main] INFO  com.restassured.automation.utils.LoggerUtil - === API RESPONSE DETAILS ===
2025-09-02 19:48:44.162 [main] INFO  com.restassured.automation.utils.LoggerUtil - Status Code: 200
2025-09-02 19:48:44.162 [main] INFO  com.restassured.automation.utils.LoggerUtil - Response Body: {"id":3,"petId":0,"quantity":0,"shipDate":"2023-03-27T02:14:59.643+0000","status":"placed","complete":true}
2025-09-02 19:48:44.162 [main] INFO  com.restassured.automation.utils.LoggerUtil - ============================
]]></system-out>
  </testcase>
  <testcase name="testGetOrder[4, 9, 2, approved, false](2)" classname="com.restassured.automation.tests.StoreTests" time="1.378">
    <system-out><![CDATA[2025-09-02 19:48:45.486 [main] INFO  com.restassured.automation.utils.LoggerUtil - Getting order: 4
2025-09-02 19:48:45.486 [main] INFO  com.restassured.automation.utils.LoggerUtil - === API REQUEST DETAILS ===
2025-09-02 19:48:45.486 [main] INFO  com.restassured.automation.utils.LoggerUtil - Method: GET
2025-09-02 19:48:45.486 [main] INFO  com.restassured.automation.utils.LoggerUtil - URL: https://petstore.swagger.io/v2/store/order/4
2025-09-02 19:48:45.486 [main] INFO  com.restassured.automation.utils.LoggerUtil - Headers: Content-Type=application/json
2025-09-02 19:48:45.488 [main] INFO  com.restassured.automation.utils.LoggerUtil - ===========================
2025-09-02 19:48:46.720 [main] INFO  com.restassured.automation.utils.LoggerUtil - === API RESPONSE DETAILS ===
2025-09-02 19:48:46.721 [main] INFO  com.restassured.automation.utils.LoggerUtil - Status Code: 200
2025-09-02 19:48:46.721 [main] INFO  com.restassured.automation.utils.LoggerUtil - Response Body: {"id":4,"petId":9,"quantity":2,"status":"approved","complete":false}
2025-09-02 19:48:46.721 [main] INFO  com.restassured.automation.utils.LoggerUtil - ============================
2025-09-02 19:48:46.862 [main] INFO  com.restassured.automation.utils.LoggerUtil - Order retrieved successfully: 4
]]></system-out>
  </testcase>
  <testcase name="testDeleteOrder" classname="com.restassured.automation.tests.StoreTests" time="0">
    <skipped message="Method StoreTests.testDeleteOrder(java.lang.String,java.lang.String,java.lang.String,java.lang.String,java.lang.String)[pri:0, instance:com.restassured.automation.tests.StoreTests@48f278eb] depends on not successfully finished methods"/>
  </testcase>
  <testcase name="testCreateUser[testuser1, John, Doe, john@example.com, pass123, 1234567890, 1](1)" classname="com.restassured.automation.tests.UserTests" time="1.225">
    <system-out><![CDATA[2025-09-02 19:48:47.042 [main] INFO  com.restassured.automation.utils.LoggerUtil - === API REQUEST DETAILS ===
2025-09-02 19:48:47.042 [main] INFO  com.restassured.automation.utils.LoggerUtil - Method: POST
2025-09-02 19:48:47.043 [main] INFO  com.restassured.automation.utils.LoggerUtil - URL: https://petstore.swagger.io/v2/user
2025-09-02 19:48:47.043 [main] INFO  com.restassured.automation.utils.LoggerUtil - Headers: Content-Type=application/json
2025-09-02 19:48:47.043 [main] INFO  com.restassured.automation.utils.LoggerUtil - Request Body: {"id":null,"username":"testuser1","firstName":"John","lastName":"Doe","email":"john@example.com","password":"pass123","phone":"1234567890","userStatus":1}
2025-09-02 19:48:47.043 [main] INFO  com.restassured.automation.utils.LoggerUtil - ===========================
2025-09-02 19:48:48.254 [main] INFO  com.restassured.automation.utils.LoggerUtil - === API RESPONSE DETAILS ===
2025-09-02 19:48:48.256 [main] INFO  com.restassured.automation.utils.LoggerUtil - Status Code: 200
2025-09-02 19:48:48.256 [main] INFO  com.restassured.automation.utils.LoggerUtil - Response Body: {"code":200,"type":"unknown","message":"9223372036854745513"}
2025-09-02 19:48:48.256 [main] INFO  com.restassured.automation.utils.LoggerUtil - ============================
]]></system-out>
  </testcase>
  <testcase name="testCreateUser[testuser2, Jane, Smith, jane@example.com, pass456, 987654321, 0](2)" classname="com.restassured.automation.tests.UserTests" time="1.239">
    <system-out><![CDATA[2025-09-02 19:48:48.258 [main] INFO  com.restassured.automation.utils.LoggerUtil - === API REQUEST DETAILS ===
2025-09-02 19:48:48.258 [main] INFO  com.restassured.automation.utils.LoggerUtil - Method: POST
2025-09-02 19:48:48.258 [main] INFO  com.restassured.automation.utils.LoggerUtil - URL: https://petstore.swagger.io/v2/user
2025-09-02 19:48:48.259 [main] INFO  com.restassured.automation.utils.LoggerUtil - Headers: Content-Type=application/json
2025-09-02 19:48:48.259 [main] INFO  com.restassured.automation.utils.LoggerUtil - Request Body: {"id":null,"username":"testuser2","firstName":"Jane","lastName":"Smith","email":"jane@example.com","password":"pass456","phone":"987654321","userStatus":0}
2025-09-02 19:48:48.259 [main] INFO  com.restassured.automation.utils.LoggerUtil - ===========================
2025-09-02 19:48:49.497 [main] INFO  com.restassured.automation.utils.LoggerUtil - === API RESPONSE DETAILS ===
2025-09-02 19:48:49.498 [main] INFO  com.restassured.automation.utils.LoggerUtil - Status Code: 200
2025-09-02 19:48:49.498 [main] INFO  com.restassured.automation.utils.LoggerUtil - Response Body: {"code":200,"type":"unknown","message":"9223372036854756887"}
2025-09-02 19:48:49.498 [main] INFO  com.restassured.automation.utils.LoggerUtil - ============================
]]></system-out>
  </testcase>
  <testcase name="testUserLogin[testuser1, John, Doe, john@example.com, pass123, 1234567890, 1](1)" classname="com.restassured.automation.tests.UserTests" time="5.982">
    <system-out><![CDATA[2025-09-02 19:48:49.516 [main] INFO  com.restassured.automation.utils.LoggerUtil - === API REQUEST DETAILS ===
2025-09-02 19:48:49.516 [main] INFO  com.restassured.automation.utils.LoggerUtil - Method: POST
2025-09-02 19:48:49.516 [main] INFO  com.restassured.automation.utils.LoggerUtil - URL: https://petstore.swagger.io/v2/user
2025-09-02 19:48:49.516 [main] INFO  com.restassured.automation.utils.LoggerUtil - Headers: Content-Type=application/json
2025-09-02 19:48:49.516 [main] INFO  com.restassured.automation.utils.LoggerUtil - Request Body: {"id":null,"username":"testuser1","firstName":"John","lastName":"Doe","email":"john@example.com","password":"pass123","phone":"1234567890","userStatus":1}
2025-09-02 19:48:49.516 [main] INFO  com.restassured.automation.utils.LoggerUtil - ===========================
2025-09-02 19:48:50.816 [main] INFO  com.restassured.automation.utils.LoggerUtil - === API RESPONSE DETAILS ===
2025-09-02 19:48:50.817 [main] INFO  com.restassured.automation.utils.LoggerUtil - Status Code: 200
2025-09-02 19:48:50.817 [main] INFO  com.restassured.automation.utils.LoggerUtil - Response Body: {"code":200,"type":"unknown","message":"9223372036854756888"}
2025-09-02 19:48:50.817 [main] INFO  com.restassured.automation.utils.LoggerUtil - ============================
2025-09-02 19:48:50.817 [main] INFO  com.restassured.automation.utils.LoggerUtil - === API REQUEST DETAILS ===
2025-09-02 19:48:50.817 [main] INFO  com.restassured.automation.utils.LoggerUtil - Method: GET
2025-09-02 19:48:50.818 [main] INFO  com.restassured.automation.utils.LoggerUtil - URL: https://petstore.swagger.io/v2/user/login?username=testuser1&password=pass123
2025-09-02 19:48:50.818 [main] INFO  com.restassured.automation.utils.LoggerUtil - Headers: Content-Type=application/json
2025-09-02 19:48:50.818 [main] INFO  com.restassured.automation.utils.LoggerUtil - ===========================
2025-09-02 19:48:53.306 [main] INFO  com.restassured.automation.utils.LoggerUtil - === API RESPONSE DETAILS ===
2025-09-02 19:48:53.308 [main] INFO  com.restassured.automation.utils.LoggerUtil - Status Code: 200
2025-09-02 19:48:53.308 [main] INFO  com.restassured.automation.utils.LoggerUtil - Response Body: {"code":200,"type":"unknown","message":"logged in user session:1756822732715"}
2025-09-02 19:48:53.308 [main] INFO  com.restassured.automation.utils.LoggerUtil - ============================
2025-09-02 19:48:53.321 [main] INFO  com.restassured.automation.utils.LoggerUtil - === API REQUEST DETAILS ===
2025-09-02 19:48:53.321 [main] INFO  com.restassured.automation.utils.LoggerUtil - Method: DELETE
2025-09-02 19:48:53.321 [main] INFO  com.restassured.automation.utils.LoggerUtil - URL: https://petstore.swagger.io/v2/user/testuser1
2025-09-02 19:48:53.322 [main] INFO  com.restassured.automation.utils.LoggerUtil - Headers: Content-Type=application/json
2025-09-02 19:48:53.322 [main] INFO  com.restassured.automation.utils.LoggerUtil - ===========================
2025-09-02 19:48:55.496 [main] INFO  com.restassured.automation.utils.LoggerUtil - === API RESPONSE DETAILS ===
2025-09-02 19:48:55.496 [main] INFO  com.restassured.automation.utils.LoggerUtil - Status Code: 200
2025-09-02 19:48:55.496 [main] INFO  com.restassured.automation.utils.LoggerUtil - Response Body: {"code":200,"type":"unknown","message":"testuser1"}
2025-09-02 19:48:55.497 [main] INFO  com.restassured.automation.utils.LoggerUtil - ============================
]]></system-out>
  </testcase>
  <testcase name="testUserLogin[testuser2, Jane, Smith, jane@example.com, pass456, 987654321, 0](2)" classname="com.restassured.automation.tests.UserTests" time="4.541">
    <system-out><![CDATA[2025-09-02 19:48:55.497 [main] INFO  com.restassured.automation.utils.LoggerUtil - === API REQUEST DETAILS ===
2025-09-02 19:48:55.497 [main] INFO  com.restassured.automation.utils.LoggerUtil - Method: POST
2025-09-02 19:48:55.497 [main] INFO  com.restassured.automation.utils.LoggerUtil - URL: https://petstore.swagger.io/v2/user
2025-09-02 19:48:55.497 [main] INFO  com.restassured.automation.utils.LoggerUtil - Headers: Content-Type=application/json
2025-09-02 19:48:55.497 [main] INFO  com.restassured.automation.utils.LoggerUtil - Request Body: {"id":null,"username":"testuser2","firstName":"Jane","lastName":"Smith","email":"jane@example.com","password":"pass456","phone":"987654321","userStatus":0}
2025-09-02 19:48:55.498 [main] INFO  com.restassured.automation.utils.LoggerUtil - ===========================
2025-09-02 19:48:57.588 [main] INFO  com.restassured.automation.utils.LoggerUtil - === API RESPONSE DETAILS ===
2025-09-02 19:48:57.588 [main] INFO  com.restassured.automation.utils.LoggerUtil - Status Code: 200
2025-09-02 19:48:57.588 [main] INFO  com.restassured.automation.utils.LoggerUtil - Response Body: {"code":200,"type":"unknown","message":"9223372036854756889"}
2025-09-02 19:48:57.588 [main] INFO  com.restassured.automation.utils.LoggerUtil - ============================
2025-09-02 19:48:57.588 [main] INFO  com.restassured.automation.utils.LoggerUtil - === API REQUEST DETAILS ===
2025-09-02 19:48:57.588 [main] INFO  com.restassured.automation.utils.LoggerUtil - Method: GET
2025-09-02 19:48:57.588 [main] INFO  com.restassured.automation.utils.LoggerUtil - URL: https://petstore.swagger.io/v2/user/login?username=testuser2&password=pass456
2025-09-02 19:48:57.588 [main] INFO  com.restassured.automation.utils.LoggerUtil - Headers: Content-Type=application/json
2025-09-02 19:48:57.588 [main] INFO  com.restassured.automation.utils.LoggerUtil - ===========================
2025-09-02 19:48:58.793 [main] INFO  com.restassured.automation.utils.LoggerUtil - === API RESPONSE DETAILS ===
2025-09-02 19:48:58.793 [main] INFO  com.restassured.automation.utils.LoggerUtil - Status Code: 200
2025-09-02 19:48:58.794 [main] INFO  com.restassured.automation.utils.LoggerUtil - Response Body: {"code":200,"type":"unknown","message":"logged in user session:1756822738488"}
2025-09-02 19:48:58.794 [main] INFO  com.restassured.automation.utils.LoggerUtil - ============================
2025-09-02 19:48:58.811 [main] INFO  com.restassured.automation.utils.LoggerUtil - === API REQUEST DETAILS ===
2025-09-02 19:48:58.811 [main] INFO  com.restassured.automation.utils.LoggerUtil - Method: DELETE
2025-09-02 19:48:58.811 [main] INFO  com.restassured.automation.utils.LoggerUtil - URL: https://petstore.swagger.io/v2/user/testuser2
2025-09-02 19:48:58.811 [main] INFO  com.restassured.automation.utils.LoggerUtil - Headers: Content-Type=application/json
2025-09-02 19:48:58.811 [main] INFO  com.restassured.automation.utils.LoggerUtil - ===========================
2025-09-02 19:49:00.034 [main] INFO  com.restassured.automation.utils.LoggerUtil - === API RESPONSE DETAILS ===
2025-09-02 19:49:00.034 [main] INFO  com.restassured.automation.utils.LoggerUtil - Status Code: 404
2025-09-02 19:49:00.035 [main] INFO  com.restassured.automation.utils.LoggerUtil - Response Body: 
2025-09-02 19:49:00.035 [main] INFO  com.restassured.automation.utils.LoggerUtil - ============================
]]></system-out>
  </testcase>
  <testcase name="testGetUser[testuser1, John, Doe, john@example.com, pass123, 1234567890, 1](1)" classname="com.restassured.automation.tests.UserTests" time="2.155">
    <failure message="User retrieval failed expected [200] but found [404]" type="java.lang.AssertionError"><![CDATA[java.lang.AssertionError: User retrieval failed expected [200] but found [404]
	at org.testng.Assert.fail(Assert.java:99)
	at org.testng.Assert.failNotEquals(Assert.java:1037)
	at org.testng.Assert.assertEqualsImpl(Assert.java:140)
	at org.testng.Assert.assertEquals(Assert.java:122)
	at org.testng.Assert.assertEquals(Assert.java:907)
	at com.restassured.automation.tests.UserTests.testGetUser(UserTests.java:39)
	at java.base/jdk.internal.reflect.NativeMethodAccessorImpl.invoke0(Native Method)
	at java.base/jdk.internal.reflect.NativeMethodAccessorImpl.invoke(NativeMethodAccessorImpl.java:62)
	at java.base/jdk.internal.reflect.DelegatingMethodAccessorImpl.invoke(DelegatingMethodAccessorImpl.java:43)
	at java.base/java.lang.reflect.Method.invoke(Method.java:566)
	at org.testng.internal.MethodInvocationHelper.invokeMethod(MethodInvocationHelper.java:133)
	at org.testng.internal.TestInvoker.invokeMethod(TestInvoker.java:598)
	at org.testng.internal.TestInvoker.invokeTestMethod(TestInvoker.java:173)
	at org.testng.internal.MethodRunner.runInSequence(MethodRunner.java:46)
	at org.testng.internal.TestInvoker$MethodInvocationAgent.invoke(TestInvoker.java:824)
	at org.testng.internal.TestInvoker.invokeTestMethods(TestInvoker.java:146)
	at org.testng.internal.TestMethodWorker.invokeTestMethods(TestMethodWorker.java:146)
	at org.testng.internal.TestMethodWorker.run(TestMethodWorker.java:128)
	at java.base/java.util.ArrayList.forEach(ArrayList.java:1541)
	at org.testng.TestRunner.privateRun(TestRunner.java:794)
	at org.testng.TestRunner.run(TestRunner.java:596)
	at org.testng.SuiteRunner.runTest(SuiteRunner.java:377)
	at org.testng.SuiteRunner.runSequentially(SuiteRunner.java:371)
	at org.testng.SuiteRunner.privateRun(SuiteRunner.java:332)
	at org.testng.SuiteRunner.run(SuiteRunner.java:276)
	at org.testng.SuiteRunnerWorker.runSuite(SuiteRunnerWorker.java:53)
	at org.testng.SuiteRunnerWorker.run(SuiteRunnerWorker.java:96)
	at org.testng.TestNG.runSuitesSequentially(TestNG.java:1212)
	at org.testng.TestNG.runSuitesLocally(TestNG.java:1134)
	at org.testng.TestNG.runSuites(TestNG.java:1063)
	at org.testng.TestNG.run(TestNG.java:1031)
	at org.apache.maven.surefire.testng.TestNGExecutor.run(TestNGExecutor.java:324)
	at org.apache.maven.surefire.testng.TestNGXmlTestSuite.execute(TestNGXmlTestSuite.java:74)
	at org.apache.maven.surefire.testng.TestNGProvider.invoke(TestNGProvider.java:123)
	at org.apache.maven.surefire.booter.ForkedBooter.runSuitesInProcess(ForkedBooter.java:456)
	at org.apache.maven.surefire.booter.ForkedBooter.execute(ForkedBooter.java:169)
	at org.apache.maven.surefire.booter.ForkedBooter.run(ForkedBooter.java:595)
	at org.apache.maven.surefire.booter.ForkedBooter.main(ForkedBooter.java:581)
]]></failure>
    <system-out><![CDATA[2025-09-02 19:49:00.102 [main] INFO  com.restassured.automation.utils.LoggerUtil - === API REQUEST DETAILS ===
2025-09-02 19:49:00.104 [main] INFO  com.restassured.automation.utils.LoggerUtil - Method: GET
2025-09-02 19:49:00.104 [main] INFO  com.restassured.automation.utils.LoggerUtil - URL: https://petstore.swagger.io/v2/user/testuser1
2025-09-02 19:49:00.104 [main] INFO  com.restassured.automation.utils.LoggerUtil - Headers: Content-Type=application/json
2025-09-02 19:49:00.104 [main] INFO  com.restassured.automation.utils.LoggerUtil - ===========================
2025-09-02 19:49:02.252 [main] INFO  com.restassured.automation.utils.LoggerUtil - === API RESPONSE DETAILS ===
2025-09-02 19:49:02.252 [main] INFO  com.restassured.automation.utils.LoggerUtil - Status Code: 404
2025-09-02 19:49:02.252 [main] INFO  com.restassured.automation.utils.LoggerUtil - Response Body: {"code":1,"type":"error","message":"User not found"}
2025-09-02 19:49:02.252 [main] INFO  com.restassured.automation.utils.LoggerUtil - ============================
]]></system-out>
  </testcase>
  <testcase name="testGetUser[testuser2, Jane, Smith, jane@example.com, pass456, 987654321, 0](2)" classname="com.restassured.automation.tests.UserTests" time="1.158">
    <system-out><![CDATA[2025-09-02 19:49:02.256 [main] INFO  com.restassured.automation.utils.LoggerUtil - === API REQUEST DETAILS ===
2025-09-02 19:49:02.256 [main] INFO  com.restassured.automation.utils.LoggerUtil - Method: GET
2025-09-02 19:49:02.256 [main] INFO  com.restassured.automation.utils.LoggerUtil - URL: https://petstore.swagger.io/v2/user/testuser2
2025-09-02 19:49:02.256 [main] INFO  com.restassured.automation.utils.LoggerUtil - Headers: Content-Type=application/json
2025-09-02 19:49:02.256 [main] INFO  com.restassured.automation.utils.LoggerUtil - ===========================
2025-09-02 19:49:03.414 [main] INFO  com.restassured.automation.utils.LoggerUtil - === API RESPONSE DETAILS ===
2025-09-02 19:49:03.414 [main] INFO  com.restassured.automation.utils.LoggerUtil - Status Code: 200
2025-09-02 19:49:03.414 [main] INFO  com.restassured.automation.utils.LoggerUtil - Response Body: {"id":9223372036854756797,"username":"testuser2","firstName":"Jane","lastName":"Smith","email":"jane@example.com","password":"pass456","phone":"987654321","userStatus":0}
2025-09-02 19:49:03.414 [main] INFO  com.restassured.automation.utils.LoggerUtil - ============================
]]></system-out>
  </testcase>
  <testcase name="testUpdateUser" classname="com.restassured.automation.tests.UserTests" time="0">
    <skipped message="Method UserTests.testUpdateUser(java.lang.String,java.lang.String,java.lang.String,java.lang.String,java.lang.String,java.lang.String,java.lang.String)[pri:0, instance:com.restassured.automation.tests.UserTests@bae7dc0] depends on not successfully finished methods"/>
  </testcase>
  <testcase name="testDeleteUser" classname="com.restassured.automation.tests.UserTests" time="0">
    <skipped message="Method UserTests.testDeleteUser(java.lang.String,java.lang.String,java.lang.String,java.lang.String,java.lang.String,java.lang.String,java.lang.String)[pri:0, instance:com.restassured.automation.tests.UserTests@bae7dc0] depends on not successfully finished methods"/>
  </testcase>
</testsuite>