<?xml version="1.0" encoding="UTF-8"?>
<!-- Generated by org.testng.reporters.JUnitXMLReporter -->
<testsuite ignored="0" hostname="IN-PW0EZ12Z" failures="0" tests="8" name="1. Pet Tests" time="19.718" errors="0" timestamp="2025-09-02T19:48:38 IST">
  <testcase classname="com.restassured.automation.tests.PetTests" name="testCreatePet" time="2.52"/>
  <testcase classname="com.restassured.automation.tests.PetTests" name="testCreatePet" time="1.272"/>
  <testcase classname="com.restassured.automation.tests.PetTests" name="testGetPet" time="1.344"/>
  <testcase classname="com.restassured.automation.tests.PetTests" name="testGetPet" time="1.884"/>
  <testcase classname="com.restassured.automation.tests.PetTests" name="testUpdatePet" time="1.233"/>
  <testcase classname="com.restassured.automation.tests.PetTests" name="testUpdatePet" time="1.539"/>
  <testcase classname="com.restassured.automation.tests.PetTests" name="testDeletePet" time="7.033"/>
  <testcase classname="com.restassured.automation.tests.PetTests" name="testDeletePet" time="2.147"/>
</testsuite> <!-- 1. Pet Tests -->
