<?xml version="1.0" encoding="UTF-8"?>
<!-- Generated by org.testng.reporters.JUnitXMLReporter -->
<testsuite ignored="0" hostname="IN-PW0EZ12Z" failures="1" tests="5" name="2. Store Tests" time="8.764" errors="0" timestamp="2025-09-02T19:48:46 IST">
  <testcase classname="com.restassured.automation.tests.StoreTests" name="testCreateOrder" time="2.42"/>
  <testcase classname="com.restassured.automation.tests.StoreTests" name="testCreateOrder" time="2.364"/>
  <testcase classname="com.restassured.automation.tests.StoreTests" name="testGetOrder" time="2.516">
    <failure type="java.lang.AssertionError" message="expected [8] but found [0]">
      <![CDATA[java.lang.AssertionError: expected [8] but found [0]
at com.restassured.automation.tests.StoreTests.testGetOrder(StoreTests.java:68)
at java.base/java.util.ArrayList.forEach(ArrayList.java:1541)
... Removed 37 stack frames]]>
    </failure>
  </testcase> <!-- testGetOrder -->
  <testcase classname="com.restassured.automation.tests.StoreTests" name="testGetOrder" time="1.377"/>
  <testcase classname="com.restassured.automation.tests.StoreTests" name="testDeleteOrder" time="0.0">
    <skipped/>
  </testcase> <!-- testDeleteOrder -->
</testsuite> <!-- 2. Store Tests -->
