<?xml version="1.0" encoding="UTF-8"?>
<!-- Generated by org.testng.reporters.JUnitXMLReporter -->
<testsuite ignored="0" hostname="IN-PW0EZ12Z" failures="1" tests="8" name="3. User Tests" time="16.434" errors="0" timestamp="2025-09-02T19:49:03 IST">
  <testcase classname="com.restassured.automation.tests.UserTests" name="testCreateUser" time="1.223"/>
  <testcase classname="com.restassured.automation.tests.UserTests" name="testCreateUser" time="1.24"/>
  <testcase classname="com.restassured.automation.tests.UserTests" name="testUserLogin" time="5.983"/>
  <testcase classname="com.restassured.automation.tests.UserTests" name="testUserLogin" time="4.538"/>
  <testcase classname="com.restassured.automation.tests.UserTests" name="testGetUser" time="2.151">
    <failure type="java.lang.AssertionError" message="User retrieval failed expected [200] but found [404]">
      <![CDATA[java.lang.AssertionError: User retrieval failed expected [200] but found [404]
at com.restassured.automation.tests.UserTests.testGetUser(UserTests.java:39)
at java.base/java.util.ArrayList.forEach(ArrayList.java:1541)
... Removed 36 stack frames]]>
    </failure>
  </testcase> <!-- testGetUser -->
  <testcase classname="com.restassured.automation.tests.UserTests" name="testGetUser" time="1.158"/>
  <testcase classname="com.restassured.automation.tests.UserTests" name="testUpdateUser" time="0.0">
    <skipped/>
  </testcase> <!-- testUpdateUser -->
  <testcase classname="com.restassured.automation.tests.UserTests" name="testDeleteUser" time="0.0">
    <skipped/>
  </testcase> <!-- testDeleteUser -->
</testsuite> <!-- 3. User Tests -->
