<?xml version="1.0" encoding="UTF-8"?>
<testng-results ignored="3" total="27" passed="24" failed="0" skipped="0">
  <reporter-output>
  </reporter-output>
  <suite started-at="2025-12-25T23:07:24 IST" name="Default suite" finished-at="2025-12-25T23:08:20 IST" duration-ms="56464">
    <groups>
    </groups>
    <test started-at="2025-12-25T23:07:24 IST" name="Default test" finished-at="2025-12-25T23:08:20 IST" duration-ms="56464">
      <class name="com.restassured.automation.base.BaseTest">
        <test-method is-config="true" signature="setup()[pri:0, instance:com.restassured.automation.base.BaseTest@7f485fda]" started-at="2025-12-25T23:07:22 IST" name="setup" finished-at="2025-12-25T23:07:24 IST" duration-ms="1713" status="PASS">
          <reporter-output>
          </reporter-output>
        </test-method> <!-- setup -->
      </class> <!-- com.restassured.automation.base.BaseTest -->
      <class name="com.restassured.automation.tests.PetTests">
        <test-method signature="testCreatePet(java.lang.String,java.lang.String,java.lang.String,java.lang.String,java.lang.String,java.lang.String)[pri:0, instance:com.restassured.automation.tests.PetTests@645aa696]" started-at="2025-12-25T23:07:26 IST" name="testCreatePet" data-provider="petData" finished-at="2025-12-25T23:07:32 IST" duration-ms="5363" status="PASS">
          <params>
            <param index="0">
              <value>
                <![CDATA[8]]>
              </value>
            </param>
            <param index="1">
              <value>
                <![CDATA[Dogs]]>
              </value>
            </param>
            <param index="2">
              <value>
                <![CDATA[Tyson]]>
              </value>
            </param>
            <param index="3">
              <value>
                <![CDATA[photo1.jpg]]>
              </value>
            </param>
            <param index="4">
              <value>
                <![CDATA[friendly]]>
              </value>
            </param>
            <param index="5">
              <value>
                <![CDATA[available]]>
              </value>
            </param>
          </params>
          <reporter-output>
          </reporter-output>
        </test-method> <!-- testCreatePet -->
        <test-method signature="testCreatePet(java.lang.String,java.lang.String,java.lang.String,java.lang.String,java.lang.String,java.lang.String)[pri:0, instance:com.restassured.automation.tests.PetTests@645aa696]" started-at="2025-12-25T23:07:32 IST" name="testCreatePet" data-provider="petData" finished-at="2025-12-25T23:07:33 IST" duration-ms="1556" status="PASS">
          <params>
            <param index="0">
              <value>
                <![CDATA[9]]>
              </value>
            </param>
            <param index="1">
              <value>
                <![CDATA[Cats]]>
              </value>
            </param>
            <param index="2">
              <value>
                <![CDATA[Chyrl]]>
              </value>
            </param>
            <param index="3">
              <value>
                <![CDATA[photo2.jpg]]>
              </value>
            </param>
            <param index="4">
              <value>
                <![CDATA[playful]]>
              </value>
            </param>
            <param index="5">
              <value>
                <![CDATA[available]]>
              </value>
            </param>
          </params>
          <reporter-output>
          </reporter-output>
        </test-method> <!-- testCreatePet -->
        <test-method signature="testGetPet(java.lang.String,java.lang.String,java.lang.String,java.lang.String,java.lang.String,java.lang.String)[pri:0, instance:com.restassured.automation.tests.PetTests@645aa696]" started-at="2025-12-25T23:07:33 IST" name="testGetPet" data-provider="petData" finished-at="2025-12-25T23:07:35 IST" depends-on-methods="com.restassured.automation.tests.PetTests.testCreatePet" duration-ms="1670" status="PASS">
          <params>
            <param index="0">
              <value>
                <![CDATA[8]]>
              </value>
            </param>
            <param index="1">
              <value>
                <![CDATA[Dogs]]>
              </value>
            </param>
            <param index="2">
              <value>
                <![CDATA[Tyson]]>
              </value>
            </param>
            <param index="3">
              <value>
                <![CDATA[photo1.jpg]]>
              </value>
            </param>
            <param index="4">
              <value>
                <![CDATA[friendly]]>
              </value>
            </param>
            <param index="5">
              <value>
                <![CDATA[available]]>
              </value>
            </param>
          </params>
          <reporter-output>
          </reporter-output>
        </test-method> <!-- testGetPet -->
        <test-method signature="testGetPet(java.lang.String,java.lang.String,java.lang.String,java.lang.String,java.lang.String,java.lang.String)[pri:0, instance:com.restassured.automation.tests.PetTests@645aa696]" started-at="2025-12-25T23:07:35 IST" name="testGetPet" data-provider="petData" finished-at="2025-12-25T23:07:37 IST" depends-on-methods="com.restassured.automation.tests.PetTests.testCreatePet" duration-ms="1644" status="PASS">
          <params>
            <param index="0">
              <value>
                <![CDATA[9]]>
              </value>
            </param>
            <param index="1">
              <value>
                <![CDATA[Cats]]>
              </value>
            </param>
            <param index="2">
              <value>
                <![CDATA[Chyrl]]>
              </value>
            </param>
            <param index="3">
              <value>
                <![CDATA[photo2.jpg]]>
              </value>
            </param>
            <param index="4">
              <value>
                <![CDATA[playful]]>
              </value>
            </param>
            <param index="5">
              <value>
                <![CDATA[available]]>
              </value>
            </param>
          </params>
          <reporter-output>
          </reporter-output>
        </test-method> <!-- testGetPet -->
        <test-method signature="testUpdatePet(java.lang.String,java.lang.String,java.lang.String,java.lang.String,java.lang.String,java.lang.String)[pri:0, instance:com.restassured.automation.tests.PetTests@645aa696]" started-at="2025-12-25T23:07:37 IST" name="testUpdatePet" data-provider="petData" finished-at="2025-12-25T23:07:38 IST" depends-on-methods="com.restassured.automation.tests.PetTests.testGetPet" duration-ms="1591" status="PASS">
          <params>
            <param index="0">
              <value>
                <![CDATA[8]]>
              </value>
            </param>
            <param index="1">
              <value>
                <![CDATA[Dogs]]>
              </value>
            </param>
            <param index="2">
              <value>
                <![CDATA[Tyson]]>
              </value>
            </param>
            <param index="3">
              <value>
                <![CDATA[photo1.jpg]]>
              </value>
            </param>
            <param index="4">
              <value>
                <![CDATA[friendly]]>
              </value>
            </param>
            <param index="5">
              <value>
                <![CDATA[available]]>
              </value>
            </param>
          </params>
          <reporter-output>
          </reporter-output>
        </test-method> <!-- testUpdatePet -->
        <test-method signature="testUpdatePet(java.lang.String,java.lang.String,java.lang.String,java.lang.String,java.lang.String,java.lang.String)[pri:0, instance:com.restassured.automation.tests.PetTests@645aa696]" started-at="2025-12-25T23:07:38 IST" name="testUpdatePet" data-provider="petData" finished-at="2025-12-25T23:07:40 IST" depends-on-methods="com.restassured.automation.tests.PetTests.testGetPet" duration-ms="1605" status="PASS">
          <params>
            <param index="0">
              <value>
                <![CDATA[9]]>
              </value>
            </param>
            <param index="1">
              <value>
                <![CDATA[Cats]]>
              </value>
            </param>
            <param index="2">
              <value>
                <![CDATA[Chyrl]]>
              </value>
            </param>
            <param index="3">
              <value>
                <![CDATA[photo2.jpg]]>
              </value>
            </param>
            <param index="4">
              <value>
                <![CDATA[playful]]>
              </value>
            </param>
            <param index="5">
              <value>
                <![CDATA[available]]>
              </value>
            </param>
          </params>
          <reporter-output>
          </reporter-output>
        </test-method> <!-- testUpdatePet -->
        <test-method signature="testDeletePet(java.lang.String,java.lang.String,java.lang.String,java.lang.String,java.lang.String,java.lang.String)[pri:0, instance:com.restassured.automation.tests.PetTests@645aa696]" started-at="2025-12-25T23:07:40 IST" name="testDeletePet" data-provider="petData" finished-at="2025-12-25T23:07:42 IST" depends-on-methods="com.restassured.automation.tests.PetTests.testUpdatePet" duration-ms="1697" status="PASS">
          <params>
            <param index="0">
              <value>
                <![CDATA[8]]>
              </value>
            </param>
            <param index="1">
              <value>
                <![CDATA[Dogs]]>
              </value>
            </param>
            <param index="2">
              <value>
                <![CDATA[Tyson]]>
              </value>
            </param>
            <param index="3">
              <value>
                <![CDATA[photo1.jpg]]>
              </value>
            </param>
            <param index="4">
              <value>
                <![CDATA[friendly]]>
              </value>
            </param>
            <param index="5">
              <value>
                <![CDATA[available]]>
              </value>
            </param>
          </params>
          <reporter-output>
          </reporter-output>
        </test-method> <!-- testDeletePet -->
        <test-method signature="testDeletePet(java.lang.String,java.lang.String,java.lang.String,java.lang.String,java.lang.String,java.lang.String)[pri:0, instance:com.restassured.automation.tests.PetTests@645aa696]" started-at="2025-12-25T23:07:42 IST" name="testDeletePet" data-provider="petData" finished-at="2025-12-25T23:07:43 IST" depends-on-methods="com.restassured.automation.tests.PetTests.testUpdatePet" duration-ms="1631" status="PASS">
          <params>
            <param index="0">
              <value>
                <![CDATA[9]]>
              </value>
            </param>
            <param index="1">
              <value>
                <![CDATA[Cats]]>
              </value>
            </param>
            <param index="2">
              <value>
                <![CDATA[Chyrl]]>
              </value>
            </param>
            <param index="3">
              <value>
                <![CDATA[photo2.jpg]]>
              </value>
            </param>
            <param index="4">
              <value>
                <![CDATA[playful]]>
              </value>
            </param>
            <param index="5">
              <value>
                <![CDATA[available]]>
              </value>
            </param>
          </params>
          <reporter-output>
          </reporter-output>
        </test-method> <!-- testDeletePet -->
      </class> <!-- com.restassured.automation.tests.PetTests -->
      <class name="com.restassured.automation.tests.StoreTests">
        <test-method signature="testCreateOrder(java.lang.String,java.lang.String,java.lang.String,java.lang.String,java.lang.String)[pri:0, instance:com.restassured.automation.tests.StoreTests@6caf0677]" started-at="2025-12-25T23:07:43 IST" name="testCreateOrder" data-provider="orderData" finished-at="2025-12-25T23:07:47 IST" duration-ms="3280" status="PASS">
          <params>
            <param index="0">
              <value>
                <![CDATA[3]]>
              </value>
            </param>
            <param index="1">
              <value>
                <![CDATA[8]]>
              </value>
            </param>
            <param index="2">
              <value>
                <![CDATA[1]]>
              </value>
            </param>
            <param index="3">
              <value>
                <![CDATA[placed]]>
              </value>
            </param>
            <param index="4">
              <value>
                <![CDATA[false]]>
              </value>
            </param>
          </params>
          <reporter-output>
          </reporter-output>
        </test-method> <!-- testCreateOrder -->
        <test-method signature="testCreateOrder(java.lang.String,java.lang.String,java.lang.String,java.lang.String,java.lang.String)[pri:0, instance:com.restassured.automation.tests.StoreTests@6caf0677]" started-at="2025-12-25T23:07:47 IST" name="testCreateOrder" data-provider="orderData" finished-at="2025-12-25T23:07:50 IST" duration-ms="3288" status="PASS">
          <params>
            <param index="0">
              <value>
                <![CDATA[4]]>
              </value>
            </param>
            <param index="1">
              <value>
                <![CDATA[9]]>
              </value>
            </param>
            <param index="2">
              <value>
                <![CDATA[2]]>
              </value>
            </param>
            <param index="3">
              <value>
                <![CDATA[approved]]>
              </value>
            </param>
            <param index="4">
              <value>
                <![CDATA[false]]>
              </value>
            </param>
          </params>
          <reporter-output>
          </reporter-output>
        </test-method> <!-- testCreateOrder -->
        <test-method signature="testGetOrder(java.lang.String,java.lang.String,java.lang.String,java.lang.String,java.lang.String)[pri:0, instance:com.restassured.automation.tests.StoreTests@6caf0677]" started-at="2025-12-25T23:07:50 IST" name="testGetOrder" data-provider="orderData" finished-at="2025-12-25T23:07:52 IST" depends-on-methods="com.restassured.automation.tests.StoreTests.testCreateOrder" duration-ms="2611" status="PASS">
          <params>
            <param index="0">
              <value>
                <![CDATA[3]]>
              </value>
            </param>
            <param index="1">
              <value>
                <![CDATA[8]]>
              </value>
            </param>
            <param index="2">
              <value>
                <![CDATA[1]]>
              </value>
            </param>
            <param index="3">
              <value>
                <![CDATA[placed]]>
              </value>
            </param>
            <param index="4">
              <value>
                <![CDATA[false]]>
              </value>
            </param>
          </params>
          <reporter-output>
          </reporter-output>
        </test-method> <!-- testGetOrder -->
        <test-method signature="testGetOrder(java.lang.String,java.lang.String,java.lang.String,java.lang.String,java.lang.String)[pri:0, instance:com.restassured.automation.tests.StoreTests@6caf0677]" started-at="2025-12-25T23:07:52 IST" name="testGetOrder" data-provider="orderData" finished-at="2025-12-25T23:07:54 IST" depends-on-methods="com.restassured.automation.tests.StoreTests.testCreateOrder" duration-ms="1692" status="PASS">
          <params>
            <param index="0">
              <value>
                <![CDATA[4]]>
              </value>
            </param>
            <param index="1">
              <value>
                <![CDATA[9]]>
              </value>
            </param>
            <param index="2">
              <value>
                <![CDATA[2]]>
              </value>
            </param>
            <param index="3">
              <value>
                <![CDATA[approved]]>
              </value>
            </param>
            <param index="4">
              <value>
                <![CDATA[false]]>
              </value>
            </param>
          </params>
          <reporter-output>
          </reporter-output>
        </test-method> <!-- testGetOrder -->
        <test-method signature="testDeleteOrder(java.lang.String,java.lang.String,java.lang.String,java.lang.String,java.lang.String)[pri:0, instance:com.restassured.automation.tests.StoreTests@6caf0677]" started-at="2025-12-25T23:07:54 IST" name="testDeleteOrder" data-provider="orderData" finished-at="2025-12-25T23:07:56 IST" depends-on-methods="com.restassured.automation.tests.StoreTests.testGetOrder" duration-ms="1614" status="PASS">
          <params>
            <param index="0">
              <value>
                <![CDATA[3]]>
              </value>
            </param>
            <param index="1">
              <value>
                <![CDATA[8]]>
              </value>
            </param>
            <param index="2">
              <value>
                <![CDATA[1]]>
              </value>
            </param>
            <param index="3">
              <value>
                <![CDATA[placed]]>
              </value>
            </param>
            <param index="4">
              <value>
                <![CDATA[false]]>
              </value>
            </param>
          </params>
          <reporter-output>
          </reporter-output>
        </test-method> <!-- testDeleteOrder -->
        <test-method signature="testDeleteOrder(java.lang.String,java.lang.String,java.lang.String,java.lang.String,java.lang.String)[pri:0, instance:com.restassured.automation.tests.StoreTests@6caf0677]" started-at="2025-12-25T23:07:56 IST" name="testDeleteOrder" data-provider="orderData" finished-at="2025-12-25T23:07:58 IST" depends-on-methods="com.restassured.automation.tests.StoreTests.testGetOrder" duration-ms="1663" status="PASS">
          <params>
            <param index="0">
              <value>
                <![CDATA[4]]>
              </value>
            </param>
            <param index="1">
              <value>
                <![CDATA[9]]>
              </value>
            </param>
            <param index="2">
              <value>
                <![CDATA[2]]>
              </value>
            </param>
            <param index="3">
              <value>
                <![CDATA[approved]]>
              </value>
            </param>
            <param index="4">
              <value>
                <![CDATA[false]]>
              </value>
            </param>
          </params>
          <reporter-output>
          </reporter-output>
        </test-method> <!-- testDeleteOrder -->
      </class> <!-- com.restassured.automation.tests.StoreTests -->
      <class name="com.restassured.automation.tests.UserTests">
        <test-method signature="testCreateUser(java.lang.String,java.lang.String,java.lang.String,java.lang.String,java.lang.String,java.lang.String,java.lang.String)[pri:0, instance:com.restassured.automation.tests.UserTests@273444fe]" started-at="2025-12-25T23:07:58 IST" name="testCreateUser" description="Test to create user with valid data" data-provider="userData" finished-at="2025-12-25T23:07:59 IST" duration-ms="1583" status="PASS">
          <params>
            <param index="0">
              <value>
                <![CDATA[testuser1]]>
              </value>
            </param>
            <param index="1">
              <value>
                <![CDATA[John]]>
              </value>
            </param>
            <param index="2">
              <value>
                <![CDATA[Doe]]>
              </value>
            </param>
            <param index="3">
              <value>
                <![CDATA[john@example.com]]>
              </value>
            </param>
            <param index="4">
              <value>
                <![CDATA[pass123]]>
              </value>
            </param>
            <param index="5">
              <value>
                <![CDATA[1234567890]]>
              </value>
            </param>
            <param index="6">
              <value>
                <![CDATA[1]]>
              </value>
            </param>
          </params>
          <reporter-output>
          </reporter-output>
        </test-method> <!-- testCreateUser -->
        <test-method signature="testCreateUser(java.lang.String,java.lang.String,java.lang.String,java.lang.String,java.lang.String,java.lang.String,java.lang.String)[pri:0, instance:com.restassured.automation.tests.UserTests@273444fe]" started-at="2025-12-25T23:07:59 IST" name="testCreateUser" description="Test to create user with valid data" data-provider="userData" finished-at="2025-12-25T23:08:01 IST" duration-ms="1607" status="PASS">
          <params>
            <param index="0">
              <value>
                <![CDATA[testuser2]]>
              </value>
            </param>
            <param index="1">
              <value>
                <![CDATA[Jane]]>
              </value>
            </param>
            <param index="2">
              <value>
                <![CDATA[Smith]]>
              </value>
            </param>
            <param index="3">
              <value>
                <![CDATA[jane@example.com]]>
              </value>
            </param>
            <param index="4">
              <value>
                <![CDATA[pass456]]>
              </value>
            </param>
            <param index="5">
              <value>
                <![CDATA[987654321]]>
              </value>
            </param>
            <param index="6">
              <value>
                <![CDATA[0]]>
              </value>
            </param>
          </params>
          <reporter-output>
          </reporter-output>
        </test-method> <!-- testCreateUser -->
        <test-method signature="testUserLogin(java.lang.String,java.lang.String,java.lang.String,java.lang.String,java.lang.String,java.lang.String,java.lang.String)[pri:0, instance:com.restassured.automation.tests.UserTests@273444fe]" started-at="2025-12-25T23:08:01 IST" name="testUserLogin" description="Test user login functionality" data-provider="userData" finished-at="2025-12-25T23:08:06 IST" duration-ms="4819" status="PASS">
          <params>
            <param index="0">
              <value>
                <![CDATA[testuser1]]>
              </value>
            </param>
            <param index="1">
              <value>
                <![CDATA[John]]>
              </value>
            </param>
            <param index="2">
              <value>
                <![CDATA[Doe]]>
              </value>
            </param>
            <param index="3">
              <value>
                <![CDATA[john@example.com]]>
              </value>
            </param>
            <param index="4">
              <value>
                <![CDATA[pass123]]>
              </value>
            </param>
            <param index="5">
              <value>
                <![CDATA[1234567890]]>
              </value>
            </param>
            <param index="6">
              <value>
                <![CDATA[1]]>
              </value>
            </param>
          </params>
          <reporter-output>
          </reporter-output>
        </test-method> <!-- testUserLogin -->
        <test-method signature="testUserLogin(java.lang.String,java.lang.String,java.lang.String,java.lang.String,java.lang.String,java.lang.String,java.lang.String)[pri:0, instance:com.restassured.automation.tests.UserTests@273444fe]" started-at="2025-12-25T23:08:06 IST" name="testUserLogin" description="Test user login functionality" data-provider="userData" finished-at="2025-12-25T23:08:10 IST" duration-ms="4899" status="PASS">
          <params>
            <param index="0">
              <value>
                <![CDATA[testuser2]]>
              </value>
            </param>
            <param index="1">
              <value>
                <![CDATA[Jane]]>
              </value>
            </param>
            <param index="2">
              <value>
                <![CDATA[Smith]]>
              </value>
            </param>
            <param index="3">
              <value>
                <![CDATA[jane@example.com]]>
              </value>
            </param>
            <param index="4">
              <value>
                <![CDATA[pass456]]>
              </value>
            </param>
            <param index="5">
              <value>
                <![CDATA[987654321]]>
              </value>
            </param>
            <param index="6">
              <value>
                <![CDATA[0]]>
              </value>
            </param>
          </params>
          <reporter-output>
          </reporter-output>
        </test-method> <!-- testUserLogin -->
        <test-method signature="testGetUser(java.lang.String,java.lang.String,java.lang.String,java.lang.String,java.lang.String,java.lang.String,java.lang.String)[pri:0, instance:com.restassured.automation.tests.UserTests@273444fe]" started-at="2025-12-25T23:08:11 IST" name="testGetUser" description="Test to get user details" data-provider="userData" finished-at="2025-12-25T23:08:12 IST" depends-on-methods="com.restassured.automation.tests.UserTests.testCreateUser" duration-ms="1566" status="PASS">
          <params>
            <param index="0">
              <value>
                <![CDATA[testuser1]]>
              </value>
            </param>
            <param index="1">
              <value>
                <![CDATA[John]]>
              </value>
            </param>
            <param index="2">
              <value>
                <![CDATA[Doe]]>
              </value>
            </param>
            <param index="3">
              <value>
                <![CDATA[john@example.com]]>
              </value>
            </param>
            <param index="4">
              <value>
                <![CDATA[pass123]]>
              </value>
            </param>
            <param index="5">
              <value>
                <![CDATA[1234567890]]>
              </value>
            </param>
            <param index="6">
              <value>
                <![CDATA[1]]>
              </value>
            </param>
          </params>
          <reporter-output>
          </reporter-output>
        </test-method> <!-- testGetUser -->
        <test-method signature="testGetUser(java.lang.String,java.lang.String,java.lang.String,java.lang.String,java.lang.String,java.lang.String,java.lang.String)[pri:0, instance:com.restassured.automation.tests.UserTests@273444fe]" started-at="2025-12-25T23:08:12 IST" name="testGetUser" description="Test to get user details" data-provider="userData" finished-at="2025-12-25T23:08:14 IST" depends-on-methods="com.restassured.automation.tests.UserTests.testCreateUser" duration-ms="1647" status="PASS">
          <params>
            <param index="0">
              <value>
                <![CDATA[testuser2]]>
              </value>
            </param>
            <param index="1">
              <value>
                <![CDATA[Jane]]>
              </value>
            </param>
            <param index="2">
              <value>
                <![CDATA[Smith]]>
              </value>
            </param>
            <param index="3">
              <value>
                <![CDATA[jane@example.com]]>
              </value>
            </param>
            <param index="4">
              <value>
                <![CDATA[pass456]]>
              </value>
            </param>
            <param index="5">
              <value>
                <![CDATA[987654321]]>
              </value>
            </param>
            <param index="6">
              <value>
                <![CDATA[0]]>
              </value>
            </param>
          </params>
          <reporter-output>
          </reporter-output>
        </test-method> <!-- testGetUser -->
        <test-method signature="testUpdateUser(java.lang.String,java.lang.String,java.lang.String,java.lang.String,java.lang.String,java.lang.String,java.lang.String)[pri:0, instance:com.restassured.automation.tests.UserTests@273444fe]" started-at="2025-12-25T23:08:14 IST" name="testUpdateUser" description="Test to update user" data-provider="userData" finished-at="2025-12-25T23:08:15 IST" depends-on-methods="com.restassured.automation.tests.UserTests.testGetUser" duration-ms="1603" status="PASS">
          <params>
            <param index="0">
              <value>
                <![CDATA[testuser1]]>
              </value>
            </param>
            <param index="1">
              <value>
                <![CDATA[John]]>
              </value>
            </param>
            <param index="2">
              <value>
                <![CDATA[Doe]]>
              </value>
            </param>
            <param index="3">
              <value>
                <![CDATA[john@example.com]]>
              </value>
            </param>
            <param index="4">
              <value>
                <![CDATA[pass123]]>
              </value>
            </param>
            <param index="5">
              <value>
                <![CDATA[1234567890]]>
              </value>
            </param>
            <param index="6">
              <value>
                <![CDATA[1]]>
              </value>
            </param>
          </params>
          <reporter-output>
          </reporter-output>
        </test-method> <!-- testUpdateUser -->
        <test-method signature="testUpdateUser(java.lang.String,java.lang.String,java.lang.String,java.lang.String,java.lang.String,java.lang.String,java.lang.String)[pri:0, instance:com.restassured.automation.tests.UserTests@273444fe]" started-at="2025-12-25T23:08:15 IST" name="testUpdateUser" description="Test to update user" data-provider="userData" finished-at="2025-12-25T23:08:17 IST" depends-on-methods="com.restassured.automation.tests.UserTests.testGetUser" duration-ms="1604" status="PASS">
          <params>
            <param index="0">
              <value>
                <![CDATA[testuser2]]>
              </value>
            </param>
            <param index="1">
              <value>
                <![CDATA[Jane]]>
              </value>
            </param>
            <param index="2">
              <value>
                <![CDATA[Smith]]>
              </value>
            </param>
            <param index="3">
              <value>
                <![CDATA[jane@example.com]]>
              </value>
            </param>
            <param index="4">
              <value>
                <![CDATA[pass456]]>
              </value>
            </param>
            <param index="5">
              <value>
                <![CDATA[987654321]]>
              </value>
            </param>
            <param index="6">
              <value>
                <![CDATA[0]]>
              </value>
            </param>
          </params>
          <reporter-output>
          </reporter-output>
        </test-method> <!-- testUpdateUser -->
        <test-method signature="testDeleteUser(java.lang.String,java.lang.String,java.lang.String,java.lang.String,java.lang.String,java.lang.String,java.lang.String)[pri:0, instance:com.restassured.automation.tests.UserTests@273444fe]" started-at="2025-12-25T23:08:17 IST" name="testDeleteUser" description="Test to delete user" data-provider="userData" finished-at="2025-12-25T23:08:19 IST" depends-on-methods="com.restassured.automation.tests.UserTests.testUpdateUser" duration-ms="1629" status="PASS">
          <params>
            <param index="0">
              <value>
                <![CDATA[testuser1]]>
              </value>
            </param>
            <param index="1">
              <value>
                <![CDATA[John]]>
              </value>
            </param>
            <param index="2">
              <value>
                <![CDATA[Doe]]>
              </value>
            </param>
            <param index="3">
              <value>
                <![CDATA[john@example.com]]>
              </value>
            </param>
            <param index="4">
              <value>
                <![CDATA[pass123]]>
              </value>
            </param>
            <param index="5">
              <value>
                <![CDATA[1234567890]]>
              </value>
            </param>
            <param index="6">
              <value>
                <![CDATA[1]]>
              </value>
            </param>
          </params>
          <reporter-output>
          </reporter-output>
        </test-method> <!-- testDeleteUser -->
        <test-method signature="testDeleteUser(java.lang.String,java.lang.String,java.lang.String,java.lang.String,java.lang.String,java.lang.String,java.lang.String)[pri:0, instance:com.restassured.automation.tests.UserTests@273444fe]" started-at="2025-12-25T23:08:19 IST" name="testDeleteUser" description="Test to delete user" data-provider="userData" finished-at="2025-12-25T23:08:20 IST" depends-on-methods="com.restassured.automation.tests.UserTests.testUpdateUser" duration-ms="1683" status="PASS">
          <params>
            <param index="0">
              <value>
                <![CDATA[testuser2]]>
              </value>
            </param>
            <param index="1">
              <value>
                <![CDATA[Jane]]>
              </value>
            </param>
            <param index="2">
              <value>
                <![CDATA[Smith]]>
              </value>
            </param>
            <param index="3">
              <value>
                <![CDATA[jane@example.com]]>
              </value>
            </param>
            <param index="4">
              <value>
                <![CDATA[pass456]]>
              </value>
            </param>
            <param index="5">
              <value>
                <![CDATA[987654321]]>
              </value>
            </param>
            <param index="6">
              <value>
                <![CDATA[0]]>
              </value>
            </param>
          </params>
          <reporter-output>
          </reporter-output>
        </test-method> <!-- testDeleteUser -->
      </class> <!-- com.restassured.automation.tests.UserTests -->
    </test> <!-- Default test -->
  </suite> <!-- Default suite -->
</testng-results>
