<?xml version="1.0" encoding="UTF-8"?>
<!-- Generated by org.testng.reporters.JUnitReportReporter -->
<testsuite hostname="IN-PW0EZ12Z" failures="0" tests="8" name="com.restassured.automation.tests.PetTests" time="16.757" errors="0" timestamp="2025-12-25T23:08:21 IST" skipped="0">
  <testcase classname="com.restassured.automation.tests.PetTests" name="testUpdatePet" time="1.605"/>
  <system-out/>
  <testcase classname="com.restassured.automation.tests.PetTests" name="testCreatePet" time="5.363"/>
  <system-out/>
  <testcase classname="com.restassured.automation.tests.PetTests" name="testGetPet" time="1.644"/>
  <system-out/>
  <testcase classname="com.restassured.automation.tests.PetTests" name="testUpdatePet" time="1.591"/>
  <system-out/>
  <testcase classname="com.restassured.automation.tests.PetTests" name="testCreatePet" time="1.556"/>
  <system-out/>
  <testcase classname="com.restassured.automation.tests.PetTests" name="testGetPet" time="1.670"/>
  <system-out/>
  <testcase classname="com.restassured.automation.tests.PetTests" name="testDeletePet" time="1.697"/>
  <system-out/>
  <testcase classname="com.restassured.automation.tests.PetTests" name="testDeletePet" time="1.631"/>
  <system-out/>
</testsuite> <!-- com.restassured.automation.tests.PetTests -->
