<?xml version="1.0" encoding="UTF-8"?>
<!-- Generated by org.testng.reporters.JUnitReportReporter -->
<testsuite hostname="IN-PW0EZ12Z" failures="0" tests="6" name="com.restassured.automation.tests.StoreTests" time="14.148" errors="0" timestamp="2025-12-25T23:08:21 IST" skipped="0">
  <testcase classname="com.restassured.automation.tests.StoreTests" name="testCreateOrder" time="3.280"/>
  <system-out/>
  <testcase classname="com.restassured.automation.tests.StoreTests" name="testDeleteOrder" time="1.663"/>
  <system-out/>
  <testcase classname="com.restassured.automation.tests.StoreTests" name="testCreateOrder" time="3.288"/>
  <system-out/>
  <testcase classname="com.restassured.automation.tests.StoreTests" name="testGetOrder" time="1.692"/>
  <system-out/>
  <testcase classname="com.restassured.automation.tests.StoreTests" name="testGetOrder" time="2.611"/>
  <system-out/>
  <testcase classname="com.restassured.automation.tests.StoreTests" name="testDeleteOrder" time="1.614"/>
  <system-out/>
</testsuite> <!-- com.restassured.automation.tests.StoreTests -->
