<?xml version="1.0" encoding="UTF-8"?>
<!-- Generated by org.testng.reporters.JUnitReportReporter -->
<testsuite hostname="IN-PW0EZ12Z" failures="0" tests="10" name="com.restassured.automation.tests.UserTests" time="22.640" errors="0" timestamp="2025-12-25T23:08:21 IST" skipped="0">
  <testcase classname="com.restassured.automation.tests.UserTests" name="testGetUser" time="1.647"/>
  <system-out/>
  <testcase classname="com.restassured.automation.tests.UserTests" name="testCreateUser" time="1.583"/>
  <system-out/>
  <testcase classname="com.restassured.automation.tests.UserTests" name="testCreateUser" time="1.607"/>
  <system-out/>
  <testcase classname="com.restassured.automation.tests.UserTests" name="testUpdateUser" time="1.603"/>
  <system-out/>
  <testcase classname="com.restassured.automation.tests.UserTests" name="testUpdateUser" time="1.604"/>
  <system-out/>
  <testcase classname="com.restassured.automation.tests.UserTests" name="testGetUser" time="1.566"/>
  <system-out/>
  <testcase classname="com.restassured.automation.tests.UserTests" name="testUserLogin" time="4.899"/>
  <system-out/>
  <testcase classname="com.restassured.automation.tests.UserTests" name="testUserLogin" time="4.819"/>
  <system-out/>
  <testcase classname="com.restassured.automation.tests.UserTests" name="testDeleteUser" time="1.683"/>
  <system-out/>
  <testcase classname="com.restassured.automation.tests.UserTests" name="testDeleteUser" time="1.629"/>
  <system-out/>
</testsuite> <!-- com.restassured.automation.tests.UserTests -->
