<?xml version="1.0" encoding="UTF-8"?>
<!-- Generated by org.testng.reporters.JUnitReportReporter -->
<testsuite hostname="IN-PW0EZ12Z" failures="0" tests="8" name="com.restassured.automation.tests.PetTests" time="18.972" errors="0" timestamp="2025-09-02T19:49:03 IST" skipped="0">
  <testcase classname="com.restassured.automation.tests.PetTests" name="testGetPet" time="1.884"/>
  <system-out/>
  <testcase classname="com.restassured.automation.tests.PetTests" name="testDeletePet" time="2.147"/>
  <system-out/>
  <testcase classname="com.restassured.automation.tests.PetTests" name="testUpdatePet" time="1.233"/>
  <system-out/>
  <testcase classname="com.restassured.automation.tests.PetTests" name="testCreatePet" time="2.520"/>
  <system-out/>
  <testcase classname="com.restassured.automation.tests.PetTests" name="testUpdatePet" time="1.539"/>
  <system-out/>
  <testcase classname="com.restassured.automation.tests.PetTests" name="testDeletePet" time="7.033"/>
  <system-out/>
  <testcase classname="com.restassured.automation.tests.PetTests" name="testCreatePet" time="1.272"/>
  <system-out/>
  <testcase classname="com.restassured.automation.tests.PetTests" name="testGetPet" time="1.344"/>
  <system-out/>
</testsuite> <!-- com.restassured.automation.tests.PetTests -->
